-------- Log file solarsys.log -------

Executable: C:\Users\Coleman\anaconda3\Scripts\vplanet
Version: Unknown
System Name: solarsys
Primary Input File: vpl.in
Body File #1: sun.in
Body File #2: 700b.in
Body File #3: 700c.in
Body File #4: 700d.in
Body File #5: 700e.in
Allow files to be overwitten: Yes
Mass Units: Grams
Length Units: Meters
Time Units: Seconds
Angle Units: Radians

------- FORMATTING -----
Verbosity Level: 5
Crossover Decade for Scientific Notation: 4
Number of Digits After Decimal: 6
Integration Method: Runge-Kutta4
Direction: Forward
Time Step: 3.155760e+07
Stop Time: 3.155760e+11
Output Interval: 3.155760e+10
Use Variable Timestep: Yes
dEta: 0.100000
Minimum Value of ecc and obl: 0.000000


---- INITIAL SYSTEM PROPERTIES ----
(Age) System Age [sec]: 3.155760e+14 
(Time) Simulation Time [sec]: 0.000000 
(TotAngMom) Total Angular Momentum [kg*m^2/sec]: 1.743174e+41 
(TotEnergy) Total System Energy [kg*m^2/sec^2]: -4.412700e+40 
(PotEnergy) Body's non-orbital Potential Energy [kg*m^2/sec^2]: -4.412704e+40 
(KinEnergy) Body's non-orbital Kinetic Energy [kg*m^2/sec^2]: 1.482512e+35 
(DeltaTime) Average Timestep Over Last Output Interval [sec]: 0.000000 

----- BODY: sun ----
Active Modules: STELLAR
Module Bit Sum: 65
Color: 000000
(Mass) Mass [kg]: 7.834359e+29 
(Radius) Radius [Rearth]: 87.330606 
(RadGyra) Radius of Gyration/Moment of Inertia Constant []: 0.455627 
(RotAngMom) Rotational Angular Momentum [kg*m^2/sec]: 1.223160e+41 
(RotVel) Rotational Velocity [m/sec]: 1350.214193 
(BodyType) Type of Body (0 == planet) []: 0.000000 
(RotRate) Rotational Frequency [/sec]: 2.424068e-06 
(RotPer) Rotational Period [sec]: 2.592000e+06 
(Density) Average Density [kg/m^3]: 1082.284575 
(HZLimitDryRunaway) Semi-major axis of Dry Runaway HZ Limit [m]: 3.987983e+10 
(HZLimRecVenus) Recent Venus HZ Limit [m]: 3.551386e+10 
(HZLimRunaway) Runaway Greenhouse HZ Limit [m]: 4.695902e+10 
(HZLimMoistGreenhouse) Moist Greenhouse HZ Limit [m]: 4.699062e+10 
(HZLimMaxGreenhouse) Maximum Greenhouse HZ Limit [m]: 8.831129e+10 
(HZLimEarlyMars) Early Mars HZ Limit [m]: 9.631572e+10 
(Instellation) Orbit-averaged INcident STELLar radiATION [kg*m^2/sec^2/(m^2*sec)]: -1.000000 
(CriticalSemiMajorAxis) Holman & Wiegert (1999) P-type Critical Semi-major Axis [m]: -1.000000 
(LXUVTot) Total XUV Luminosity [kg*m^2/sec^2/(m^2*sec)]: 3.317604e+22 
(LostEnergy) Body's Total Lost Energy [kg*m^2/sec^2]: 5.562685e-309 
(LostAngMom) Lost Angular Momentum due to Magnetic Braking [kg*m^2/sec]: 5.562685e-309 
----- STELLAR PARAMETERS (sun)------
(Luminosity) Luminosity [LSUN]: 0.086261 
(LXUVStellar) Base X-ray/XUV Luminosity [LSUN]: 8.626116e-05 
(Temperature) Effective Temperature [K]: 3499.241696 
(LXUVFrac) Fraction of luminosity in XUV []: 0.001000 
(RossbyNumber) Rossby Number []: 0.573049 
(DRotPerDtStellar) Time Rate of Change of Rotation Period in STELLAR []: -5.257584e-09 
Output Order: Age[year] Luminosity[LSUN] LXUVStellar[LSUN] Radius[Rearth] Temperature[K]
Grid Output Order:

----- BODY: 700b ----
Active Modules: DistOrb
Module Bit Sum: 17
Color: 000000
(Mass) Mass [kg]: 5.971546e+24 
(Radius) Radius [m]: 6.378100e+06 
(RadGyra) Radius of Gyration/Moment of Inertia Constant []: 0.500000 
(RotKinEnergy) Body's Rotational Energy [kg*m^2/sec^2]: 1.605875e+29 
(RotVel) Rotational Velocity [m/sec]: 463.828521 
(BodyType) Type of Body (0 == planet) []: 0.000000 
(Density) Average Density [kg/m^3]: 5494.449526 
(HEcc) Poincare's h (=e*sin(varpi) []: 0.073210 
(HZLimitDryRunaway) Semi-major axis of Dry Runaway HZ Limit [m]: 3.999247e+10 
(HZLimRecVenus) Recent Venus HZ Limit [m]: 3.551386e+10 
(HZLimRunaway) Runaway Greenhouse HZ Limit [m]: 4.695902e+10 
(HZLimMoistGreenhouse) Moist Greenhouse HZ Limit [m]: 4.699062e+10 
(HZLimMaxGreenhouse) Maximum Greenhouse HZ Limit [m]: 8.831129e+10 
(HZLimEarlyMars) Early Mars HZ Limit [m]: 9.631572e+10 
(Instellation) Orbit-averaged INcident STELLar radiATION [kg*m^2/sec^2/(m^2*sec)]: 2.581139e+04 
(KEcc) Poincare's k (=e*cos(varpi) []: 0.016289 
(Eccentricity) Orbital Eccentricity []: 0.075000 
(OrbEnergy) Body's Total Orbital Energy [kg*m^2/sec^2]: -1.541525e+34 
(MeanMotion) Orbital Mean Motion [/sec]: 7.094707e-06 
(OrbPeriod) Orbital Period [sec]: 8.856159e+05 
(SemiMajorAxis) Semi-major Axis [m]: 1.012778e+10 
(OrbAngMom) Orbital Angular Momentum [kg*m^2/sec]: 4.333324e+39 
(ArgP) Body's argument of pericenter [rad]: 0.508323 
(Inc) Body's Inclination [rad]: 0.006981 
(LongA) Body's Longitude of ascending node [rad]: 0.843547 
(MeanLongitude) Orbital Mean Longitude [rad]: 1.351870 
(LongP) Body's Longitude of pericenter [rad]: 1.351870 
(TotOrbEnergy) System's Total Orbital Energy [kg*m^2/sec^2]: -1.015392e+35 
(OrbPotEnergy) Body's Orbital Potential Energy [kg*m^2/sec^2]: -3.083050e+34 
----- DISTORB PARAMETERS (700b)------
(Sinc) Body's sin(Inc/2) in DistOrb []: 0.003491 
(Pinc) Body's Poincare p in DistOrb []: 0.002608 
(Qinc) Body's Poincare q in DistOrb []: 0.002321 
(DIncDtDistOrb) Body's inclination derivative in DistOrb [rad/sec]: -4.161384e-12 
(DSincDtDistOrb) Body's sin(Inc/2) derivative in DistOrb [/sec]: -2.080679e-12 
(DLongADtDistOrb) Body's longitude of ascending node derivative in DistOrb [rad/sec]: 5.933595e-10 
(DLongPDtDistOrb) Body's longitude of pericenter derivative in DistOrb [rad/sec]: 2.437381e-10 
(DHeccDtDistOrb) Body's Poincare h derivative in DistOrb [/sec]: 2.269416e-11 
(DKeccDtDistOrb) Body's Poincare k in DistOrb [/sec]: -1.367809e-11 
(DPincDtDistOrb) Body's Poincare p in DistOrb [/sec]: -1.773021e-13 
(DQincDtDistOrb) Body's Poincare q in DistOrb [/sec]: -2.930479e-12 
Output Order: Time[year] Eccentricity[] SemiMajorAxis[au] Inc[deg] ArgP[deg] LongA[deg]
Grid Output Order:

----- BODY: 700c ----
Active Modules: DistOrb
Module Bit Sum: 17
Color: 000000
(Mass) Mass [kg]: 3.648087e+25 
(Radius) Radius [m]: 1.658306e+07 
(RadGyra) Radius of Gyration/Moment of Inertia Constant []: 0.500000 
(RotKinEnergy) Body's Rotational Energy [kg*m^2/sec^2]: 1.116764e+26 
(RotVel) Rotational Velocity [m/sec]: 4.948722 
(BodyType) Type of Body (0 == planet) []: 0.000000 
(Density) Average Density [kg/m^3]: 1909.776667 
(HEcc) Poincare's h (=e*sin(varpi) []: 0.050903 
(HZLimitDryRunaway) Semi-major axis of Dry Runaway HZ Limit [m]: 3.997235e+10 
(HZLimRecVenus) Recent Venus HZ Limit [m]: 3.551386e+10 
(HZLimRunaway) Runaway Greenhouse HZ Limit [m]: 4.695902e+10 
(HZLimMoistGreenhouse) Moist Greenhouse HZ Limit [m]: 4.699062e+10 
(HZLimMaxGreenhouse) Maximum Greenhouse HZ Limit [m]: 8.831129e+10 
(HZLimEarlyMars) Early Mars HZ Limit [m]: 9.631572e+10 
(Instellation) Orbit-averaged INcident STELLar radiATION [kg*m^2/sec^2/(m^2*sec)]: 1.370058e+04 
(KEcc) Poincare's k (=e*cos(varpi) []: -0.045087 
(Eccentricity) Orbital Eccentricity []: 0.068000 
(OrbEnergy) Body's Total Orbital Energy [kg*m^2/sec^2]: -6.862810e+34 
(MeanMotion) Orbital Mean Motion [/sec]: 4.413696e-06 
(OrbPeriod) Orbital Period [sec]: 1.423566e+06 
(SemiMajorAxis) Semi-major Axis [m]: 1.389764e+10 
(OrbAngMom) Orbital Angular Momentum [kg*m^2/sec]: 3.102581e+40 
(ArgP) Body's argument of pericenter [rad]: 0.957353 
(Inc) Body's Inclination [rad]: 0.019199 
(LongA) Body's Longitude of ascending node [rad]: 1.338331 
(MeanLongitude) Orbital Mean Longitude [rad]: 2.295684 
(LongP) Body's Longitude of pericenter [rad]: 2.295684 
(TotOrbEnergy) System's Total Orbital Energy [kg*m^2/sec^2]: -1.015392e+35 
(OrbPotEnergy) Body's Orbital Potential Energy [kg*m^2/sec^2]: -1.372562e+35 
----- DISTORB PARAMETERS (700c)------
(Sinc) Body's sin(Inc/2) in DistOrb []: 0.009599 
(Pinc) Body's Poincare p in DistOrb []: 0.009341 
(Qinc) Body's Poincare q in DistOrb []: 0.002211 
(DIncDtDistOrb) Body's inclination derivative in DistOrb [rad/sec]: 3.504950e-13 
(DSincDtDistOrb) Body's sin(Inc/2) derivative in DistOrb [/sec]: 1.752394e-13 
(DLongADtDistOrb) Body's longitude of ascending node derivative in DistOrb [rad/sec]: -7.865893e-11 
(DLongPDtDistOrb) Body's longitude of pericenter derivative in DistOrb [rad/sec]: 8.336976e-11 
(DHeccDtDistOrb) Body's Poincare h derivative in DistOrb [/sec]: -6.133783e-12 
(DKeccDtDistOrb) Body's Poincare k in DistOrb [/sec]: -2.140245e-12 
(DPincDtDistOrb) Body's Poincare p in DistOrb [/sec]: -3.423258e-15 
(DQincDtDistOrb) Body's Poincare q in DistOrb [/sec]: 7.751210e-13 
Output Order: Time[year] Eccentricity[] SemiMajorAxis[au] Inc[deg] ArgP[deg] LongA[deg]
Grid Output Order:

----- BODY: 700d ----
Active Modules: DistOrb DistRot POISE
Module Bit Sum: 305
Color: 000000
(Mass) Mass [kg]: 1.009046e+25 
(Obliquity) Obliquity [rad]: 1.396263 
(PrecA) Body's precession angle [rad]: 0.000000 
(Xobl) Body's sin(obliquity)*cos(precession angle) []: 0.984808 
(Yobl) Body's sin(obliquity)*sin(precession angle) []: 0.000000 
(Zobl) Body's cos(obliquity) []: 0.173648 
(Radius) Radius [m]: 6.843701e+06 
(RadGyra) Radius of Gyration/Moment of Inertia Constant []: 0.500000 
(RotAngMom) Rotational Angular Momentum [kg*m^2/sec]: 8.592094e+33 
(RotKinEnergy) Body's Rotational Energy [kg*m^2/sec^2]: 3.124173e+29 
(RotVel) Rotational Velocity [m/sec]: 497.688003 
(BodyType) Type of Body (0 == planet) []: 0.000000 
(RotRate) Rotational Frequency [/sec]: 7.272205e-05 
(RotPer) Rotational Period [sec]: 8.640000e+04 
(Density) Average Density [kg/m^3]: 7515.346837 
(HEcc) Poincare's h (=e*sin(varpi) []: 3.771314e-12 
(HZLimitDryRunaway) Semi-major axis of Dry Runaway HZ Limit [m]: 3.300423e+10 
(HZLimRecVenus) Recent Venus HZ Limit [m]: 3.551386e+10 
(HZLimRunaway) Runaway Greenhouse HZ Limit [m]: 4.695902e+10 
(HZLimMoistGreenhouse) Moist Greenhouse HZ Limit [m]: 4.699062e+10 
(HZLimMaxGreenhouse) Maximum Greenhouse HZ Limit [m]: 8.831129e+10 
(HZLimEarlyMars) Early Mars HZ Limit [m]: 9.631572e+10 
(Instellation) Orbit-averaged INcident STELLar radiATION [kg*m^2/sec^2/(m^2*sec)]: 4427.666371 
(KEcc) Poincare's k (=e*cos(varpi) []: -0.042000 
(Eccentricity) Orbital Eccentricity []: 0.042000 
(OrbEnergy) Body's Total Orbital Energy [kg*m^2/sec^2]: -1.079884e+34 
(MeanMotion) Orbital Mean Motion [/sec]: 1.893823e-06 
(OrbPeriod) Orbital Period [sec]: 3.317726e+06 
(SemiMajorAxis) Semi-major Axis [m]: 2.442933e+10 
(COPP) Climate Obliquity Precession Parameter []: 3.714019e-12 
(OrbAngMom) Orbital Angular Momentum [kg*m^2/sec]: 1.139421e+40 
(ArgP) Body's argument of pericenter [rad]: 3.338128 
(Inc) Body's Inclination [rad]: 0.003491 
(LongA) Body's Longitude of ascending node [rad]: 6.086650 
(MeanLongitude) Orbital Mean Longitude [rad]: 14.055795 
(LongP) Body's Longitude of pericenter [rad]: 3.141593 
(TotOrbEnergy) System's Total Orbital Energy [kg*m^2/sec^2]: -1.015392e+35 
(OrbPotEnergy) Body's Orbital Potential Energy [kg*m^2/sec^2]: -2.159768e+34 
----- DISTORB PARAMETERS (700d)------
(Sinc) Body's sin(Inc/2) in DistOrb []: 0.001745 
(Pinc) Body's Poincare p in DistOrb []: -0.000341 
(Qinc) Body's Poincare q in DistOrb []: 0.001712 
(DIncDtDistOrb) Body's inclination derivative in DistOrb [rad/sec]: -1.401977e-12 
(DSincDtDistOrb) Body's sin(Inc/2) derivative in DistOrb [/sec]: -7.009875e-13 
(DLongADtDistOrb) Body's longitude of ascending node derivative in DistOrb [rad/sec]: -3.109597e-11 
(DLongPDtDistOrb) Body's longitude of pericenter derivative in DistOrb [rad/sec]: 1.554951e-10 
(DHeccDtDistOrb) Body's Poincare h derivative in DistOrb [/sec]: -6.530795e-12 
(DKeccDtDistOrb) Body's Poincare k in DistOrb [/sec]: 2.595080e-13 
(DPincDtDistOrb) Body's Poincare p in DistOrb [/sec]: 8.365567e-14 
(DQincDtDistOrb) Body's Poincare q in DistOrb [/sec]: -6.980908e-13 
-----DISTROT PARAMETERS (700d)------
(CassiniOne) First Cassini parameter (misalignment of Cassini state vectors) []: 0.997959 
(CassiniTwo) Second Cassini parameter (alignment of Cassini state vectors []: -0.063856 
(DOblDtDistRot) Body's dobl/dt in DistRot [rad]: -1.396184e-12 
(DPrecADtDistRot) Body's dpA/dt in DistRot [rad/sec]: 4.221735e-11 
(DXoblDtDistRot) Body's dXobl/dt in DistRot [/sec]: -2.424447e-13 
(DYoblDtDistRot) Body's dYobl/dt in DistRot [/sec]: 4.157598e-11 
(DZoblDtDistRot) Body's dZobl/dt in DistRot [/sec]: 1.374972e-12 
(OblTimeDistRot) Obliquity timescale in DistRot [rad]: 2.250129e+12 
(PrecATimeDistRot) Axial precession timescale in DistRot [sec]: 1.488294e+11 
(XoblTimeDistRot) Xobl timescale in DistRot [/sec]: 4.124651e+12 
(YoblTimeDistRot) Yobl timescale in DistRot [/sec]: 2.405235e+10 
(ZoblTimeDistRot) Zobl timescale in DistRot [/sec]: 7.272873e+11 
(DynEllip) dynamical ellipticity of planet []: 0.003280 
(PrecFNat) natural precession freq of planet [rad/sec]: 4.224666e-11 
-----POISE PARAMETERS (700d)------
(TGlobal) Global mean temperature from POISE [Celsius]: 279.074874 
(AlbedoGlobal) Global mean bond albedo from POISE []: 0.316300 
(FluxInGlobal) Global mean flux in (insol*(1-albedo)) from POISE [kg*m^2/sec^2/(m^2*sec)]: 787.796952 
(FluxOutGlobal) Global mean flux out from POISE [W/m^2]: 786.566486 
(TotIceMass) Global total ice mass in ice sheets [kg]: 0.000000 
(TotIceFlow) Global total ice flow in ice sheets (should = 0) [kg]: 0.000000 
(TotIceBalance) Global total ice balance in ice sheets (this time step) [kg]: 0.000000 
(SkipSeas) Is Seasonal model skipped due to RGH or snowball? []: 0.000000 
(AreaIceCov) Fractional area ice covered []: 0.000000 
(Latitude) Latitude. [deg]: -83.402352 
(TempLat) Surface temperature by latitude. [Celsius]: 313.474619 
(AlbedoLat) Surface albedo by latitude. []: 0.319211 
(AnnInsol) Annual insolation by latitude. [W/m^2]: 1384.133412 
(FluxMerid) Total meridional (northward) flux by latitude [PW]: 1.775982 
(FluxIn) Incoming flux by latitude [W/m^2]: 964.045950 
(FluxOut) Outgoing (spaceward) flux by latitude [W/m^2]: 858.461953 
(DivFlux) Divergence of flux (flow into adjacent cells) by latitude [W/m^2]: 104.355343 
(IceMass) Mass of ice sheets/area by latitude []: 0.000000 
(IceHeight) Height of ice sheets [m]: 0.000000 
(DIceMassDt) derivative of mass of ice sheets/area by latitude [m]: 0.000000 
(IceFlow) flow of ice sheets/area by latitude [m/s]: 0.000000 
(EnergyResL) Energy residual on land [kg*m^2/sec^2/(m^2*sec)]: -1.397211e-10 
(EnergyResW) Energy residual over water [kg*m^2/sec^2/(m^2*sec)]: -7.858034e-10 
(BedrockH) height/depth of bedrock [m]: 0.000000 
(TempLandLat) Land surface temperature by latitude. [sec]: 571.893144 
(TempWaterLat) Water surface temperature by latitude. [sec]: 593.986287 
(AlbedoLandLat) Land surface albedo by latitude. []: 0.385211 
(AlbedoWaterLat) Water surface albedo by latitude. []: 0.285211 
(TempMinLat) Minimum surface temperature over a year by latitude. [Celsius]: 295.066661 
(TempMaxLat) Maximum surface temperature over a year by latitude. [Celsius]: 334.046007 
(Snowball) Is the planet in a snowball state? []: 0.000000 
(PlanckBAvg) Annually averaged Planck B coeff []: 2.090000 
(IceAccum) Ice growth per orbit (accumulation only) []: 0.000000 
(IceAblate) ice decay per orbit (ablation only) []: 0.000000 
(TempMaxLand) Maximum surface temperature on land [sec]: 626.483279 
(TempMaxWater) Maximum surface temperature on water [sec]: 597.087590 
(PeakInsol) Peak insolation by latitude. [kg*m^2/sec^2/(m^2*sec)]: 4343.009883 
(IceCapNorthLand) Does the planet have a northern polar ice cap on land? []: 0.000000 
(IceCapNorthSea) Does the planet have a northern polar sea ice cap []: 0.000000 
(IceCapSouthLand) Does the planet have a southern polar ice cap on land? []: 0.000000 
(IceCapSouthSea) Does the planet have a southern polar sea ice cap? []: 0.000000 
(IceBeltLand) Does the planet have a land ice belt? []: 0.000000 
(IceBeltSea) Does the planet have a sea ice belt? []: 0.000000 
(SnowballLand) Is all land covered in ice? []: 0.000000 
(SnowballSea) Is all sea covered in ice? []: 0.000000 
(IceFree) Is the planet free of sea and land ice? []: 1.000000 
(IceCapNorthLatLand) Southernmost extent of northern land ice cap. [rad]: 100.000000 
(IceCapNorthLatSea) Southernmost extent of northern sea ice cap. [rad]: 100.000000 
(IceCapSouthLatLand) Northernmost extent of southern land ice cap. [rad]: 100.000000 
(IceCapSouthLatSea) Northernmost extent of southern sea ice cap. [rad]: 100.000000 
(IceBeltNorthLatLand) Northernmost extent of land ice belt. [rad]: 100.000000 
(IceBeltNorthLatSea) Northernmost extent of sea ice belt. [rad]: 100.000000 
(IceBeltSouthLatLand) Southernmost extent of land ice belt. [rad]: 100.000000 
(IceBeltSouthLatSea) Southernmost extent of sea ice belt. [rad]: 100.000000 
Output Order: Time[year] PrecA[deg] TGlobal[Celsius] AlbedoGlobal[] FluxOutGlobal[W/m^2] TotIceMass[kg] DeltaTime[year] AreaIceCov[year] Snowball[] Obliquity[deg] IceBeltLand[] IceBeltSea[] Eccentricity[] SnowballLand[] SnowballSea[]
Grid Output Order: Time[year] Latitude[deg] TempLat[Celsius] AlbedoLat[] AnnInsol[W/m^2] FluxIn[W/m^2] FluxOut[W/m^2] IceMass[W/m^2] IceHeight[m] DIceMassDt[au] IceFlow[m/s] BedrockH[m] TempMaxLat[Celsius] TempMinLat[Celsius] FluxMerid[PW] DivFlux[W/m^2]

----- BODY: 700e ----
Active Modules: DistOrb DistRot POISE
Module Bit Sum: 305
Color: 000000
(Mass) Mass [kg]: 5.134885e+24 
(Obliquity) Obliquity [rad]: 0.872665 
(PrecA) Body's precession angle [rad]: 0.000000 
(Xobl) Body's sin(obliquity)*cos(precession angle) []: 0.766044 
(Yobl) Body's sin(obliquity)*sin(precession angle) []: 0.000000 
(Zobl) Body's cos(obliquity) []: 0.642788 
(Radius) Radius [m]: 6.078329e+06 
(RadGyra) Radius of Gyration/Moment of Inertia Constant []: 0.500000 
(RotAngMom) Rotational Angular Momentum [kg*m^2/sec]: 3.361944e+33 
(RotKinEnergy) Body's Rotational Energy [kg*m^2/sec^2]: 1.191548e+29 
(RotVel) Rotational Velocity [m/sec]: 430.859286 
(BodyType) Type of Body (0 == planet) []: 0.000000 
(RotRate) Rotational Frequency [/sec]: 7.088449e-05 
(RotPer) Rotational Period [sec]: 8.863977e+04 
(Density) Average Density [kg/m^3]: 5458.703163 
(HEcc) Poincare's h (=e*sin(varpi) []: -0.023959 
(HZLimitDryRunaway) Semi-major axis of Dry Runaway HZ Limit [m]: 3.321522e+10 
(HZLimRecVenus) Recent Venus HZ Limit [m]: 3.551386e+10 
(HZLimRunaway) Runaway Greenhouse HZ Limit [m]: 4.695902e+10 
(HZLimMoistGreenhouse) Moist Greenhouse HZ Limit [m]: 4.699062e+10 
(HZLimMaxGreenhouse) Maximum Greenhouse HZ Limit [m]: 8.831129e+10 
(HZLimEarlyMars) Early Mars HZ Limit [m]: 9.631572e+10 
(Instellation) Orbit-averaged INcident STELLar radiATION [kg*m^2/sec^2/(m^2*sec)]: 6581.296908 
(KEcc) Poincare's k (=e*cos(varpi) []: 0.053916 
(Eccentricity) Orbital Eccentricity []: 0.059000 
(OrbEnergy) Body's Total Orbital Energy [kg*m^2/sec^2]: -6.696971e+33 
(MeanMotion) Orbital Mean Motion [/sec]: 2.547769e-06 
(OrbPeriod) Orbital Period [sec]: 2.466152e+06 
(SemiMajorAxis) Semi-major Axis [m]: 2.004611e+10 
(COPP) Climate Obliquity Precession Parameter []: -0.018354 
(OrbAngMom) Orbital Angular Momentum [kg*m^2/sec]: 5.247968e+39 
(ArgP) Body's argument of pericenter [rad]: 4.999710 
(Inc) Body's Inclination [rad]: 0.006981 
(LongA) Body's Longitude of ascending node [rad]: 0.865309 
(MeanLongitude) Orbital Mean Longitude [rad]: 7.511523 
(LongP) Body's Longitude of pericenter [rad]: 5.865019 
(TotOrbEnergy) System's Total Orbital Energy [kg*m^2/sec^2]: -1.015392e+35 
(OrbPotEnergy) Body's Orbital Potential Energy [kg*m^2/sec^2]: -1.339394e+34 
----- DISTORB PARAMETERS (700e)------
(Sinc) Body's sin(Inc/2) in DistOrb []: 0.003491 
(Pinc) Body's Poincare p in DistOrb []: 0.002657 
(Qinc) Body's Poincare q in DistOrb []: 0.002263 
(DIncDtDistOrb) Body's inclination derivative in DistOrb [rad/sec]: -8.743112e-13 
(DSincDtDistOrb) Body's sin(Inc/2) derivative in DistOrb [/sec]: -4.371529e-13 
(DLongADtDistOrb) Body's longitude of ascending node derivative in DistOrb [rad/sec]: 1.367766e-10 
(DLongPDtDistOrb) Body's longitude of pericenter derivative in DistOrb [rad/sec]: 5.284859e-10 
(DHeccDtDistOrb) Body's Poincare h derivative in DistOrb [/sec]: 2.773144e-11 
(DKeccDtDistOrb) Body's Poincare k in DistOrb [/sec]: 1.437801e-11 
(DPincDtDistOrb) Body's Poincare p in DistOrb [/sec]: -2.322842e-14 
(DQincDtDistOrb) Body's Poincare q in DistOrb [/sec]: -6.469247e-13 
-----DISTROT PARAMETERS (700e)------
(CassiniOne) First Cassini parameter (misalignment of Cassini state vectors) []: 0.999026 
(CassiniTwo) Second Cassini parameter (alignment of Cassini state vectors []: 0.044133 
(DOblDtDistRot) Body's dobl/dt in DistRot [rad]: -1.293848e-12 
(DPrecADtDistRot) Body's dpA/dt in DistRot [rad/sec]: 2.911544e-10 
(DXoblDtDistRot) Body's dXobl/dt in DistRot [/sec]: -8.316697e-13 
(DYoblDtDistRot) Body's dYobl/dt in DistRot [/sec]: 2.230372e-10 
(DZoblDtDistRot) Body's dZobl/dt in DistRot [/sec]: 9.911454e-13 
(OblTimeDistRot) Obliquity timescale in DistRot [rad]: 2.428100e+12 
(PrecATimeDistRot) Axial precession timescale in DistRot [sec]: 2.158025e+10 
(XoblTimeDistRot) Xobl timescale in DistRot [/sec]: 1.202400e+12 
(YoblTimeDistRot) Yobl timescale in DistRot [/sec]: 4.483556e+09 
(ZoblTimeDistRot) Zobl timescale in DistRot [/sec]: 1.008934e+12 
(DynEllip) dynamical ellipticity of planet []: 0.003280 
(PrecFNat) natural precession freq of planet [rad/sec]: 2.911188e-10 
-----POISE PARAMETERS (700e)------
(TGlobal) Global mean temperature from POISE [Celsius]: 464.151129 
(AlbedoGlobal) Global mean bond albedo from POISE []: 0.308721 
(FluxInGlobal) Global mean flux in (insol*(1-albedo)) from POISE [kg*m^2/sec^2/(m^2*sec)]: 1175.333375 
(FluxOutGlobal) Global mean flux out from POISE [W/m^2]: 1173.375860 
(TotIceMass) Global total ice mass in ice sheets [kg]: 0.000000 
(TotIceFlow) Global total ice flow in ice sheets (should = 0) [kg]: 0.000000 
(TotIceBalance) Global total ice balance in ice sheets (this time step) [kg]: 0.000000 
(SkipSeas) Is Seasonal model skipped due to RGH or snowball? []: 0.000000 
(AreaIceCov) Fractional area ice covered []: 0.000000 
(Latitude) Latitude. [deg]: -83.380372 
(TempLat) Surface temperature by latitude. [Celsius]: 438.053621 
(AlbedoLat) Surface albedo by latitude. []: 0.340919 
(AnnInsol) Annual insolation by latitude. [W/m^2]: 1601.442173 
(FluxMerid) Total meridional (northward) flux by latitude [PW]: -0.861185 
(FluxIn) Incoming flux by latitude [W/m^2]: 1056.851980 
(FluxOut) Outgoing (spaceward) flux by latitude [W/m^2]: 1118.832068 
(DivFlux) Divergence of flux (flow into adjacent cells) by latitude [W/m^2]: -63.933582 
(IceMass) Mass of ice sheets/area by latitude []: 0.000000 
(IceHeight) Height of ice sheets [m]: 0.000000 
(DIceMassDt) derivative of mass of ice sheets/area by latitude [m]: 0.000000 
(IceFlow) flow of ice sheets/area by latitude [m/s]: 0.000000 
(EnergyResL) Energy residual on land [kg*m^2/sec^2/(m^2*sec)]: -2.501110e-11 
(EnergyResW) Energy residual over water [kg*m^2/sec^2/(m^2*sec)]: -2.189608e-10 
(BedrockH) height/depth of bedrock [m]: 0.000000 
(TempLandLat) Land surface temperature by latitude. [sec]: 693.176511 
(TempWaterLat) Water surface temperature by latitude. [sec]: 720.263041 
(AlbedoLandLat) Land surface albedo by latitude. []: 0.406919 
(AlbedoWaterLat) Water surface albedo by latitude. []: 0.306919 
(TempMinLat) Minimum surface temperature over a year by latitude. [Celsius]: 422.112164 
(TempMaxLat) Maximum surface temperature over a year by latitude. [Celsius]: 453.397399 
(Snowball) Is the planet in a snowball state? []: 0.000000 
(PlanckBAvg) Annually averaged Planck B coeff []: 2.090000 
(IceAccum) Ice growth per orbit (accumulation only) []: 0.000000 
(IceAblate) ice decay per orbit (ablation only) []: 0.000000 
(TempMaxLand) Maximum surface temperature on land [sec]: 733.759404 
(TempMaxWater) Maximum surface temperature on water [sec]: 722.604851 
(PeakInsol) Peak insolation by latitude. [kg*m^2/sec^2/(m^2*sec)]: 4796.410372 
(IceCapNorthLand) Does the planet have a northern polar ice cap on land? []: 0.000000 
(IceCapNorthSea) Does the planet have a northern polar sea ice cap []: 0.000000 
(IceCapSouthLand) Does the planet have a southern polar ice cap on land? []: 0.000000 
(IceCapSouthSea) Does the planet have a southern polar sea ice cap? []: 0.000000 
(IceBeltLand) Does the planet have a land ice belt? []: 0.000000 
(IceBeltSea) Does the planet have a sea ice belt? []: 0.000000 
(SnowballLand) Is all land covered in ice? []: 0.000000 
(SnowballSea) Is all sea covered in ice? []: 0.000000 
(IceFree) Is the planet free of sea and land ice? []: 1.000000 
(IceCapNorthLatLand) Southernmost extent of northern land ice cap. [rad]: 100.000000 
(IceCapNorthLatSea) Southernmost extent of northern sea ice cap. [rad]: 100.000000 
(IceCapSouthLatLand) Northernmost extent of southern land ice cap. [rad]: 100.000000 
(IceCapSouthLatSea) Northernmost extent of southern sea ice cap. [rad]: 100.000000 
(IceBeltNorthLatLand) Northernmost extent of land ice belt. [rad]: 100.000000 
(IceBeltNorthLatSea) Northernmost extent of sea ice belt. [rad]: 100.000000 
(IceBeltSouthLatLand) Southernmost extent of land ice belt. [rad]: 100.000000 
(IceBeltSouthLatSea) Southernmost extent of sea ice belt. [rad]: 100.000000 
Output Order: Time[year] PrecA[deg] TGlobal[Celsius] AlbedoGlobal[] FluxOutGlobal[W/m^2] TotIceMass[kg] TotIceFlow[kg] TotIceBalance[kg] DeltaTime[year] AreaIceCov[year] Snowball[] Obliquity[deg] IceBeltLand[] IceBeltSea[] Eccentricity[] SnowballLand[] SnowballSea[]
Grid Output Order: Time[year] Latitude[deg] TempLat[Celsius] AlbedoLat[] AnnInsol[W/m^2] FluxIn[W/m^2] FluxOut[W/m^2] IceMass[W/m^2] IceHeight[m] DIceMassDt[au] IceFlow[m/s] BedrockH[m] TempMaxLat[Celsius] TempMinLat[Celsius] FluxMerid[PW] DivFlux[W/m^2]



---- FINAL SYSTEM PROPERTIES ----
(Age) System Age [sec]: 3.158916e+14 
(Time) Simulation Time [sec]: 3.155760e+11 
(TotAngMom) Total Angular Momentum [kg*m^2/sec]: 1.743174e+41 
(TotEnergy) Total System Energy [kg*m^2/sec^2]: -4.412700e+40 
(PotEnergy) Body's non-orbital Potential Energy [kg*m^2/sec^2]: -4.414150e+40 
(KinEnergy) Body's non-orbital Kinetic Energy [kg*m^2/sec^2]: 1.483459e+35 
(DeltaTime) Average Timestep Over Last Output Interval [sec]: 1.539395e+08 

----- BODY: sun ----
Active Modules: STELLAR
Module Bit Sum: 65
Color: 000000
(Mass) Mass [kg]: 7.834359e+29 
(Radius) Radius [Rearth]: 87.302005 
(RadGyra) Radius of Gyration/Moment of Inertia Constant []: 0.455630 
(RotAngMom) Rotational Angular Momentum [kg*m^2/sec]: 1.223157e+41 
(RotVel) Rotational Velocity [m/sec]: 1350.637479 
(BodyType) Type of Body (0 == planet) []: 0.000000 
(RotRate) Rotational Frequency [/sec]: 2.425623e-06 
(RotPer) Rotational Period [sec]: 2.590339e+06 
(Density) Average Density [kg/m^3]: 1083.348639 
(HZLimitDryRunaway) Semi-major axis of Dry Runaway HZ Limit [m]: 3.986586e+10 
(HZLimRecVenus) Recent Venus HZ Limit [m]: 3.550145e+10 
(HZLimRunaway) Runaway Greenhouse HZ Limit [m]: 4.694259e+10 
(HZLimMoistGreenhouse) Moist Greenhouse HZ Limit [m]: 4.697420e+10 
(HZLimMaxGreenhouse) Maximum Greenhouse HZ Limit [m]: 8.828058e+10 
(HZLimEarlyMars) Early Mars HZ Limit [m]: 9.628223e+10 
(Instellation) Orbit-averaged INcident STELLar radiATION [kg*m^2/sec^2/(m^2*sec)]: -1.000000 
(CriticalSemiMajorAxis) Holman & Wiegert (1999) P-type Critical Semi-major Axis [m]: -1.000000 
(LXUVTot) Total XUV Luminosity [kg*m^2/sec^2/(m^2*sec)]: 3.315280e+22 
(LostEnergy) Body's Total Lost Energy [kg*m^2/sec^2]: 1.445751e+37 
(LostAngMom) Lost Angular Momentum due to Magnetic Braking [kg*m^2/sec]: 3.155285e+35 
----- STELLAR PARAMETERS (sun)------
(Luminosity) Luminosity [LSUN]: 0.086201 
(LXUVStellar) Base X-ray/XUV Luminosity [LSUN]: 8.620074e-05 
(Temperature) Effective Temperature [K]: 3499.200192 
(LXUVFrac) Fraction of luminosity in XUV []: 0.001000 
(RossbyNumber) Rossby Number []: 0.572670 
(DRotPerDtStellar) Time Rate of Change of Rotation Period in STELLAR []: -5.269150e-09 
Output Order: Age[year] Luminosity[LSUN] LXUVStellar[LSUN] Radius[Rearth] Temperature[K]
Grid Output Order:

----- BODY: 700b ----
Active Modules: DistOrb
Module Bit Sum: 17
Color: 000000
(Mass) Mass [kg]: 5.971546e+24 
(Radius) Radius [m]: 6.378100e+06 
(RadGyra) Radius of Gyration/Moment of Inertia Constant []: 0.500000 
(RotKinEnergy) Body's Rotational Energy [kg*m^2/sec^2]: 1.605875e+29 
(RotVel) Rotational Velocity [m/sec]: 463.828521 
(BodyType) Type of Body (0 == planet) []: 0.000000 
(Density) Average Density [kg/m^3]: 5494.449526 
(HEcc) Poincare's h (=e*sin(varpi) []: -0.063105 
(HZLimitDryRunaway) Semi-major axis of Dry Runaway HZ Limit [m]: 3.999760e+10 
(HZLimRecVenus) Recent Venus HZ Limit [m]: 3.550145e+10 
(HZLimRunaway) Runaway Greenhouse HZ Limit [m]: 4.694259e+10 
(HZLimMoistGreenhouse) Moist Greenhouse HZ Limit [m]: 4.697420e+10 
(HZLimMaxGreenhouse) Maximum Greenhouse HZ Limit [m]: 8.828058e+10 
(HZLimEarlyMars) Early Mars HZ Limit [m]: 9.628223e+10 
(Instellation) Orbit-averaged INcident STELLar radiATION [kg*m^2/sec^2/(m^2*sec)]: 2.580566e+04 
(KEcc) Poincare's k (=e*cos(varpi) []: 0.050936 
(Eccentricity) Orbital Eccentricity []: 0.081096 
(OrbEnergy) Body's Total Orbital Energy [kg*m^2/sec^2]: -1.541525e+34 
(MeanMotion) Orbital Mean Motion [/sec]: 7.094707e-06 
(OrbPeriod) Orbital Period [sec]: 8.856159e+05 
(SemiMajorAxis) Semi-major Axis [m]: 1.012778e+10 
(OrbAngMom) Orbital Angular Momentum [kg*m^2/sec]: 4.331250e+39 
(ArgP) Body's argument of pericenter [rad]: 2.294489 
(Inc) Body's Inclination [rad]: 0.003535 
(LongA) Body's Longitude of ascending node [rad]: 3.096993 
(MeanLongitude) Orbital Mean Longitude [rad]: -0.891703 
(LongP) Body's Longitude of pericenter [rad]: 5.391482 
(TotOrbEnergy) System's Total Orbital Energy [kg*m^2/sec^2]: -1.015392e+35 
(OrbPotEnergy) Body's Orbital Potential Energy [kg*m^2/sec^2]: -3.083050e+34 
----- DISTORB PARAMETERS (700b)------
(Sinc) Body's sin(Inc/2) in DistOrb []: 0.001767 
(Pinc) Body's Poincare p in DistOrb []: 7.880061e-05 
(Qinc) Body's Poincare q in DistOrb []: -0.001766 
(DIncDtDistOrb) Body's inclination derivative in DistOrb [rad/sec]: 4.628988e-12 
(DSincDtDistOrb) Body's sin(Inc/2) derivative in DistOrb [/sec]: 2.314490e-12 
(DLongADtDistOrb) Body's longitude of ascending node derivative in DistOrb [rad/sec]: -1.051415e-09 
(DLongPDtDistOrb) Body's longitude of pericenter derivative in DistOrb [rad/sec]: 3.181852e-10 
(DHeccDtDistOrb) Body's Poincare h derivative in DistOrb [/sec]: 3.264389e-11 
(DKeccDtDistOrb) Body's Poincare k in DistOrb [/sec]: 6.811699e-12 
(DPincDtDistOrb) Body's Poincare p in DistOrb [/sec]: 1.959647e-12 
(DQincDtDistOrb) Body's Poincare q in DistOrb [/sec]: -2.229337e-12 
Output Order: Time[year] Eccentricity[] SemiMajorAxis[au] Inc[deg] ArgP[deg] LongA[deg]
Grid Output Order:

----- BODY: 700c ----
Active Modules: DistOrb
Module Bit Sum: 17
Color: 000000
(Mass) Mass [kg]: 3.648087e+25 
(Radius) Radius [m]: 1.658306e+07 
(RadGyra) Radius of Gyration/Moment of Inertia Constant []: 0.500000 
(RotKinEnergy) Body's Rotational Energy [kg*m^2/sec^2]: 1.116764e+26 
(RotVel) Rotational Velocity [m/sec]: 4.948722 
(BodyType) Type of Body (0 == planet) []: 0.000000 
(Density) Average Density [kg/m^3]: 1909.776667 
(HEcc) Poincare's h (=e*sin(varpi) []: -0.057416 
(HZLimitDryRunaway) Semi-major axis of Dry Runaway HZ Limit [m]: 3.994770e+10 
(HZLimRecVenus) Recent Venus HZ Limit [m]: 3.550145e+10 
(HZLimRunaway) Runaway Greenhouse HZ Limit [m]: 4.694259e+10 
(HZLimMoistGreenhouse) Moist Greenhouse HZ Limit [m]: 4.697420e+10 
(HZLimMaxGreenhouse) Maximum Greenhouse HZ Limit [m]: 8.828058e+10 
(HZLimEarlyMars) Early Mars HZ Limit [m]: 9.628223e+10 
(Instellation) Orbit-averaged INcident STELLar radiATION [kg*m^2/sec^2/(m^2*sec)]: 1.368733e+04 
(KEcc) Poincare's k (=e*cos(varpi) []: -0.028224 
(Eccentricity) Orbital Eccentricity []: 0.063978 
(OrbEnergy) Body's Total Orbital Energy [kg*m^2/sec^2]: -6.862810e+34 
(MeanMotion) Orbital Mean Motion [/sec]: 4.413696e-06 
(OrbPeriod) Orbital Period [sec]: 1.423566e+06 
(SemiMajorAxis) Semi-major Axis [m]: 1.389764e+10 
(OrbAngMom) Orbital Angular Momentum [kg*m^2/sec]: 3.103409e+40 
(ArgP) Body's argument of pericenter [rad]: 3.206833 
(Inc) Body's Inclination [rad]: 0.010090 
(LongA) Body's Longitude of ascending node [rad]: 1.048674 
(MeanLongitude) Orbital Mean Longitude [rad]: -2.027678 
(LongP) Body's Longitude of pericenter [rad]: 4.255508 
(TotOrbEnergy) System's Total Orbital Energy [kg*m^2/sec^2]: -1.015392e+35 
(OrbPotEnergy) Body's Orbital Potential Energy [kg*m^2/sec^2]: -1.372562e+35 
----- DISTORB PARAMETERS (700c)------
(Sinc) Body's sin(Inc/2) in DistOrb []: 0.005045 
(Pinc) Body's Poincare p in DistOrb []: 0.004373 
(Qinc) Body's Poincare q in DistOrb []: 0.002516 
(DIncDtDistOrb) Body's inclination derivative in DistOrb [rad/sec]: -5.013542e-13 
(DSincDtDistOrb) Body's sin(Inc/2) derivative in DistOrb [/sec]: -2.506739e-13 
(DLongADtDistOrb) Body's longitude of ascending node derivative in DistOrb [rad/sec]: -5.437016e-11 
(DLongPDtDistOrb) Body's longitude of pericenter derivative in DistOrb [rad/sec]: 6.151666e-11 
(DHeccDtDistOrb) Body's Poincare h derivative in DistOrb [/sec]: -3.340494e-12 
(DKeccDtDistOrb) Body's Poincare k in DistOrb [/sec]: 2.743443e-12 
(DPincDtDistOrb) Body's Poincare p in DistOrb [/sec]: -3.540670e-13 
(DQincDtDistOrb) Body's Poincare q in DistOrb [/sec]: 1.127250e-13 
Output Order: Time[year] Eccentricity[] SemiMajorAxis[au] Inc[deg] ArgP[deg] LongA[deg]
Grid Output Order:

----- BODY: 700d ----
Active Modules: DistOrb DistRot POISE
Module Bit Sum: 305
Color: 000000
(Mass) Mass [kg]: 1.009046e+25 
(Obliquity) Obliquity [rad]: 1.384139 
(PrecA) Body's precession angle [rad]: 0.911850 
(Xobl) Body's sin(obliquity)*cos(precession angle) []: 0.601649 
(Yobl) Body's sin(obliquity)*sin(precession angle) []: 0.776904 
(Zobl) Body's cos(obliquity) []: 0.185575 
(Radius) Radius [m]: 6.843701e+06 
(RadGyra) Radius of Gyration/Moment of Inertia Constant []: 0.500000 
(RotAngMom) Rotational Angular Momentum [kg*m^2/sec]: 8.592094e+33 
(RotKinEnergy) Body's Rotational Energy [kg*m^2/sec^2]: 3.124173e+29 
(RotVel) Rotational Velocity [m/sec]: 497.688003 
(BodyType) Type of Body (0 == planet) []: 0.000000 
(RotRate) Rotational Frequency [/sec]: 7.272205e-05 
(RotPer) Rotational Period [sec]: 8.640000e+04 
(Density) Average Density [kg/m^3]: 7515.346837 
(HEcc) Poincare's h (=e*sin(varpi) []: 5.784330e-05 
(HZLimitDryRunaway) Semi-major axis of Dry Runaway HZ Limit [m]: 3.296447e+10 
(HZLimRecVenus) Recent Venus HZ Limit [m]: 3.550145e+10 
(HZLimRunaway) Runaway Greenhouse HZ Limit [m]: 4.694259e+10 
(HZLimMoistGreenhouse) Moist Greenhouse HZ Limit [m]: 4.697420e+10 
(HZLimMaxGreenhouse) Maximum Greenhouse HZ Limit [m]: 8.828058e+10 
(HZLimEarlyMars) Early Mars HZ Limit [m]: 9.628223e+10 
(Instellation) Orbit-averaged INcident STELLar radiATION [kg*m^2/sec^2/(m^2*sec)]: 4420.668622 
(KEcc) Poincare's k (=e*cos(varpi) []: 0.001868 
(Eccentricity) Orbital Eccentricity []: 0.001869 
(OrbEnergy) Body's Total Orbital Energy [kg*m^2/sec^2]: -1.079884e+34 
(MeanMotion) Orbital Mean Motion [/sec]: 1.893823e-06 
(OrbPeriod) Orbital Period [sec]: 3.317726e+06 
(SemiMajorAxis) Semi-major Axis [m]: 2.442933e+10 
(COPP) Climate Obliquity Precession Parameter []: 5.683857e-05 
(OrbAngMom) Orbital Angular Momentum [kg*m^2/sec]: 1.140426e+40 
(ArgP) Body's argument of pericenter [rad]: 5.066602 
(Inc) Body's Inclination [rad]: 0.026480 
(LongA) Body's Longitude of ascending node [rad]: 1.247542 
(MeanLongitude) Orbital Mean Longitude [rad]: 7.759190 
(LongP) Body's Longitude of pericenter [rad]: 0.030959 
(TotOrbEnergy) System's Total Orbital Energy [kg*m^2/sec^2]: -1.015392e+35 
(OrbPotEnergy) Body's Orbital Potential Energy [kg*m^2/sec^2]: -2.159768e+34 
----- DISTORB PARAMETERS (700d)------
(Sinc) Body's sin(Inc/2) in DistOrb []: 0.013240 
(Pinc) Body's Poincare p in DistOrb []: 0.012554 
(Qinc) Body's Poincare q in DistOrb []: 0.004206 
(DIncDtDistOrb) Body's inclination derivative in DistOrb [rad/sec]: -2.179011e-13 
(DSincDtDistOrb) Body's sin(Inc/2) derivative in DistOrb [/sec]: -1.089410e-13 
(DLongADtDistOrb) Body's longitude of ascending node derivative in DistOrb [rad/sec]: -7.985391e-11 
(DLongPDtDistOrb) Body's longitude of pericenter derivative in DistOrb [rad/sec]: 3.579232e-09 
(DHeccDtDistOrb) Body's Poincare h derivative in DistOrb [/sec]: 6.631880e-12 
(DKeccDtDistOrb) Body's Poincare k in DistOrb [/sec]: -1.932374e-12 
(DPincDtDistOrb) Body's Poincare p in DistOrb [/sec]: -4.391377e-13 
(DQincDtDistOrb) Body's Poincare q in DistOrb [/sec]: 9.678837e-13 
-----DISTROT PARAMETERS (700d)------
(CassiniOne) First Cassini parameter (misalignment of Cassini state vectors) []: 0.823109 
(CassiniTwo) Second Cassini parameter (alignment of Cassini state vectors []: -0.567883 
(DOblDtDistRot) Body's dobl/dt in DistRot [rad]: 1.879494e-12 
(DPrecADtDistRot) Body's dpA/dt in DistRot [rad/sec]: 4.486970e-11 
(DXoblDtDistRot) Body's dXobl/dt in DistRot [/sec]: -3.464590e-11 
(DYoblDtDistRot) Body's dYobl/dt in DistRot [/sec]: 2.727158e-11 
(DZoblDtDistRot) Body's dZobl/dt in DistRot [/sec]: -1.846848e-12 
(OblTimeDistRot) Obliquity timescale in DistRot [rad]: 1.671510e+12 
(PrecATimeDistRot) Axial precession timescale in DistRot [sec]: 1.400318e+11 
(XoblTimeDistRot) Xobl timescale in DistRot [/sec]: 2.886344e+10 
(YoblTimeDistRot) Yobl timescale in DistRot [/sec]: 3.666820e+10 
(ZoblTimeDistRot) Zobl timescale in DistRot [/sec]: 5.414632e+11 
(DynEllip) dynamical ellipticity of planet []: 0.003280 
(PrecFNat) natural precession freq of planet [rad/sec]: 4.502917e-11 
-----POISE PARAMETERS (700d)------
(TGlobal) Global mean temperature from POISE [Celsius]: 278.743628 
(AlbedoGlobal) Global mean bond albedo from POISE []: 0.316264 
(FluxInGlobal) Global mean flux in (insol*(1-albedo)) from POISE [kg*m^2/sec^2/(m^2*sec)]: 785.786646 
(FluxOutGlobal) Global mean flux out from POISE [W/m^2]: 785.874183 
(TotIceMass) Global total ice mass in ice sheets [kg]: 0.000000 
(TotIceFlow) Global total ice flow in ice sheets (should = 0) [kg]: 0.000000 
(TotIceBalance) Global total ice balance in ice sheets (this time step) [kg]: 0.000000 
(SkipSeas) Is Seasonal model skipped due to RGH or snowball? []: 0.000000 
(AreaIceCov) Fractional area ice covered []: 0.000000 
(Latitude) Latitude. [deg]: 83.402352 
(TempLat) Surface temperature by latitude. [Celsius]: 322.547666 
(AlbedoLat) Surface albedo by latitude. []: 0.318898 
(AnnInsol) Annual insolation by latitude. [W/m^2]: 1377.727003 
(FluxMerid) Total meridional (northward) flux by latitude [PW]: -1.915112 
(FluxIn) Incoming flux by latitude [W/m^2]: 990.071130 
(FluxOut) Outgoing (spaceward) flux by latitude [W/m^2]: 877.424622 
(DivFlux) Divergence of flux (flow into adjacent cells) by latitude [W/m^2]: 112.530511 
(IceMass) Mass of ice sheets/area by latitude []: 0.000000 
(IceHeight) Height of ice sheets [m]: 0.000000 
(DIceMassDt) derivative of mass of ice sheets/area by latitude [m]: 0.000000 
(IceFlow) flow of ice sheets/area by latitude [m/s]: 0.000000 
(EnergyResL) Energy residual on land [kg*m^2/sec^2/(m^2*sec)]: 1.205080e-11 
(EnergyResW) Energy residual over water [kg*m^2/sec^2/(m^2*sec)]: 7.673862e-11 
(BedrockH) height/depth of bedrock [m]: 0.000000 
(TempLandLat) Land surface temperature by latitude. [sec]: 580.393180 
(TempWaterLat) Water surface temperature by latitude. [sec]: 603.354522 
(AlbedoLandLat) Land surface albedo by latitude. []: 0.384898 
(AlbedoWaterLat) Water surface albedo by latitude. []: 0.284898 
(TempMinLat) Minimum surface temperature over a year by latitude. [Celsius]: 304.018989 
(TempMaxLat) Maximum surface temperature over a year by latitude. [Celsius]: 343.159684 
(Snowball) Is the planet in a snowball state? []: 0.000000 
(PlanckBAvg) Annually averaged Planck B coeff []: 2.090000 
(IceAccum) Ice growth per orbit (accumulation only) []: 0.000000 
(IceAblate) ice decay per orbit (ablation only) []: 0.000000 
(TempMaxLand) Maximum surface temperature on land [sec]: 634.962689 
(TempMaxWater) Maximum surface temperature on water [sec]: 606.473287 
(PeakInsol) Peak insolation by latitude. [kg*m^2/sec^2/(m^2*sec)]: 4315.593054 
(IceCapNorthLand) Does the planet have a northern polar ice cap on land? []: 0.000000 
(IceCapNorthSea) Does the planet have a northern polar sea ice cap []: 0.000000 
(IceCapSouthLand) Does the planet have a southern polar ice cap on land? []: 0.000000 
(IceCapSouthSea) Does the planet have a southern polar sea ice cap? []: 0.000000 
(IceBeltLand) Does the planet have a land ice belt? []: 0.000000 
(IceBeltSea) Does the planet have a sea ice belt? []: 0.000000 
(SnowballLand) Is all land covered in ice? []: 0.000000 
(SnowballSea) Is all sea covered in ice? []: 0.000000 
(IceFree) Is the planet free of sea and land ice? []: 1.000000 
(IceCapNorthLatLand) Southernmost extent of northern land ice cap. [rad]: 100.000000 
(IceCapNorthLatSea) Southernmost extent of northern sea ice cap. [rad]: 100.000000 
(IceCapSouthLatLand) Northernmost extent of southern land ice cap. [rad]: 100.000000 
(IceCapSouthLatSea) Northernmost extent of southern sea ice cap. [rad]: 100.000000 
(IceBeltNorthLatLand) Northernmost extent of land ice belt. [rad]: 100.000000 
(IceBeltNorthLatSea) Northernmost extent of sea ice belt. [rad]: 100.000000 
(IceBeltSouthLatLand) Southernmost extent of land ice belt. [rad]: 100.000000 
(IceBeltSouthLatSea) Southernmost extent of sea ice belt. [rad]: 100.000000 
Output Order: Time[year] PrecA[deg] TGlobal[Celsius] AlbedoGlobal[] FluxOutGlobal[W/m^2] TotIceMass[kg] DeltaTime[year] AreaIceCov[year] Snowball[] Obliquity[deg] IceBeltLand[] IceBeltSea[] Eccentricity[] SnowballLand[] SnowballSea[]
Grid Output Order: Time[year] Latitude[deg] TempLat[Celsius] AlbedoLat[] AnnInsol[W/m^2] FluxIn[W/m^2] FluxOut[W/m^2] IceMass[W/m^2] IceHeight[m] DIceMassDt[au] IceFlow[m/s] BedrockH[m] TempMaxLat[Celsius] TempMinLat[Celsius] FluxMerid[PW] DivFlux[W/m^2]

----- BODY: 700e ----
Active Modules: DistOrb DistRot POISE
Module Bit Sum: 305
Color: 000000
(Mass) Mass [kg]: 5.134885e+24 
(Obliquity) Obliquity [rad]: 0.821939 
(PrecA) Body's precession angle [rad]: 5.842175 
(Xobl) Body's sin(obliquity)*cos(precession angle) []: 0.662384 
(Yobl) Body's sin(obliquity)*sin(precession angle) []: -0.312655 
(Zobl) Body's cos(obliquity) []: 0.680801 
(Radius) Radius [m]: 6.078329e+06 
(RadGyra) Radius of Gyration/Moment of Inertia Constant []: 0.500000 
(RotAngMom) Rotational Angular Momentum [kg*m^2/sec]: 3.361944e+33 
(RotKinEnergy) Body's Rotational Energy [kg*m^2/sec^2]: 1.191548e+29 
(RotVel) Rotational Velocity [m/sec]: 430.859286 
(BodyType) Type of Body (0 == planet) []: 0.000000 
(RotRate) Rotational Frequency [/sec]: 7.088449e-05 
(RotPer) Rotational Period [sec]: 8.863977e+04 
(Density) Average Density [kg/m^3]: 5458.703163 
(HEcc) Poincare's h (=e*sin(varpi) []: -0.000754 
(HZLimitDryRunaway) Semi-major axis of Dry Runaway HZ Limit [m]: 3.333410e+10 
(HZLimRecVenus) Recent Venus HZ Limit [m]: 3.550145e+10 
(HZLimRunaway) Runaway Greenhouse HZ Limit [m]: 4.694259e+10 
(HZLimMoistGreenhouse) Moist Greenhouse HZ Limit [m]: 4.697420e+10 
(HZLimMaxGreenhouse) Maximum Greenhouse HZ Limit [m]: 8.828058e+10 
(HZLimEarlyMars) Early Mars HZ Limit [m]: 9.628223e+10 
(Instellation) Orbit-averaged INcident STELLar radiATION [kg*m^2/sec^2/(m^2*sec)]: 6597.099378 
(KEcc) Poincare's k (=e*cos(varpi) []: -0.098171 
(Eccentricity) Orbital Eccentricity []: 0.098174 
(OrbEnergy) Body's Total Orbital Energy [kg*m^2/sec^2]: -6.696971e+33 
(MeanMotion) Orbital Mean Motion [/sec]: 2.547769e-06 
(OrbPeriod) Orbital Period [sec]: 2.466152e+06 
(SemiMajorAxis) Semi-major Axis [m]: 2.004611e+10 
(COPP) Climate Obliquity Precession Parameter []: -0.000552 
(OrbAngMom) Orbital Angular Momentum [kg*m^2/sec]: 5.231730e+39 
(ArgP) Body's argument of pericenter [rad]: 1.322977 
(Inc) Body's Inclination [rad]: 0.012631 
(LongA) Body's Longitude of ascending node [rad]: 1.826294 
(MeanLongitude) Orbital Mean Longitude [rad]: 7.822940 
(LongP) Body's Longitude of pericenter [rad]: 3.149271 
(TotOrbEnergy) System's Total Orbital Energy [kg*m^2/sec^2]: -1.015392e+35 
(OrbPotEnergy) Body's Orbital Potential Energy [kg*m^2/sec^2]: -1.339394e+34 
----- DISTORB PARAMETERS (700e)------
(Sinc) Body's sin(Inc/2) in DistOrb []: 0.006316 
(Pinc) Body's Poincare p in DistOrb []: 0.006111 
(Qinc) Body's Poincare q in DistOrb []: -0.001596 
(DIncDtDistOrb) Body's inclination derivative in DistOrb [rad/sec]: 3.261010e-12 
(DSincDtDistOrb) Body's sin(Inc/2) derivative in DistOrb [/sec]: 1.630473e-12 
(DLongADtDistOrb) Body's longitude of ascending node derivative in DistOrb [rad/sec]: 8.473801e-11 
(DLongPDtDistOrb) Body's longitude of pericenter derivative in DistOrb [rad/sec]: 2.642328e-10 
(DHeccDtDistOrb) Body's Poincare h derivative in DistOrb [/sec]: -2.599748e-11 
(DKeccDtDistOrb) Body's Poincare k in DistOrb [/sec]: -7.278703e-12 
(DPincDtDistOrb) Body's Poincare p in DistOrb [/sec]: 1.442292e-12 
(DQincDtDistOrb) Body's Poincare q in DistOrb [/sec]: -9.298627e-13 
-----DISTROT PARAMETERS (700e)------
(CassiniOne) First Cassini parameter (misalignment of Cassini state vectors) []: 0.457378 
(CassiniTwo) Second Cassini parameter (alignment of Cassini state vectors []: -0.889273 
(DOblDtDistRot) Body's dobl/dt in DistRot [rad]: -4.504634e-13 
(DPrecADtDistRot) Body's dpA/dt in DistRot [rad/sec]: 3.080455e-10 
(DXoblDtDistRot) Body's dXobl/dt in DistRot [/sec]: 9.603472e-11 
(DYoblDtDistRot) Body's dYobl/dt in DistRot [/sec]: 2.041754e-10 
(DZoblDtDistRot) Body's dZobl/dt in DistRot [/sec]: 3.299483e-13 
(OblTimeDistRot) Obliquity timescale in DistRot [rad]: 6.974135e+12 
(PrecATimeDistRot) Axial precession timescale in DistRot [sec]: 2.039694e+10 
(XoblTimeDistRot) Xobl timescale in DistRot [/sec]: 1.041290e+10 
(YoblTimeDistRot) Yobl timescale in DistRot [/sec]: 4.897750e+09 
(ZoblTimeDistRot) Zobl timescale in DistRot [/sec]: 3.030778e+12 
(DynEllip) dynamical ellipticity of planet []: 0.003280 
(PrecFNat) natural precession freq of planet [rad/sec]: 3.112148e-10 
-----POISE PARAMETERS (700e)------
(TGlobal) Global mean temperature from POISE [Celsius]: 465.202342 
(AlbedoGlobal) Global mean bond albedo from POISE []: 0.307581 
(FluxInGlobal) Global mean flux in (insol*(1-albedo)) from POISE [kg*m^2/sec^2/(m^2*sec)]: 1176.330898 
(FluxOutGlobal) Global mean flux out from POISE [W/m^2]: 1175.572894 
(TotIceMass) Global total ice mass in ice sheets [kg]: 0.000000 
(TotIceFlow) Global total ice flow in ice sheets (should = 0) [kg]: 0.000000 
(TotIceBalance) Global total ice balance in ice sheets (this time step) [kg]: 0.000000 
(SkipSeas) Is Seasonal model skipped due to RGH or snowball? []: 0.000000 
(AreaIceCov) Fractional area ice covered []: 0.000000 
(Latitude) Latitude. [deg]: 83.380372 
(TempLat) Surface temperature by latitude. [Celsius]: 447.132773 
(AlbedoLat) Surface albedo by latitude. []: 0.344130 
(AnnInsol) Annual insolation by latitude. [W/m^2]: 1538.260608 
(FluxMerid) Total meridional (northward) flux by latitude [PW]: 1.068100 
(FluxIn) Incoming flux by latitude [W/m^2]: 1058.166690 
(FluxOut) Outgoing (spaceward) flux by latitude [W/m^2]: 1137.807496 
(DivFlux) Divergence of flux (flow into adjacent cells) by latitude [W/m^2]: -79.294706 
(IceMass) Mass of ice sheets/area by latitude []: 0.000000 
(IceHeight) Height of ice sheets [m]: 0.000000 
(DIceMassDt) derivative of mass of ice sheets/area by latitude [m]: 0.000000 
(IceFlow) flow of ice sheets/area by latitude [m/s]: 0.000000 
(EnergyResL) Energy residual on land [kg*m^2/sec^2/(m^2*sec)]: 1.512035e-11 
(EnergyResW) Energy residual over water [kg*m^2/sec^2/(m^2*sec)]: 3.694822e-10 
(BedrockH) height/depth of bedrock [m]: 0.000000 
(TempLandLat) Land surface temperature by latitude. [sec]: 701.618889 
(TempWaterLat) Water surface temperature by latitude. [sec]: 729.670229 
(AlbedoLandLat) Land surface albedo by latitude. []: 0.410130 
(AlbedoWaterLat) Water surface albedo by latitude. []: 0.310130 
(TempMinLat) Minimum surface temperature over a year by latitude. [Celsius]: 431.319267 
(TempMaxLat) Maximum surface temperature over a year by latitude. [Celsius]: 462.430533 
(Snowball) Is the planet in a snowball state? []: 0.000000 
(PlanckBAvg) Annually averaged Planck B coeff []: 2.090000 
(IceAccum) Ice growth per orbit (accumulation only) []: 0.000000 
(IceAblate) ice decay per orbit (ablation only) []: 0.000000 
(TempMaxLand) Maximum surface temperature on land [sec]: 742.032910 
(TempMaxWater) Maximum surface temperature on water [sec]: 732.029308 
(PeakInsol) Peak insolation by latitude. [kg*m^2/sec^2/(m^2*sec)]: 4963.266855 
(IceCapNorthLand) Does the planet have a northern polar ice cap on land? []: 0.000000 
(IceCapNorthSea) Does the planet have a northern polar sea ice cap []: 0.000000 
(IceCapSouthLand) Does the planet have a southern polar ice cap on land? []: 0.000000 
(IceCapSouthSea) Does the planet have a southern polar sea ice cap? []: 0.000000 
(IceBeltLand) Does the planet have a land ice belt? []: 0.000000 
(IceBeltSea) Does the planet have a sea ice belt? []: 0.000000 
(SnowballLand) Is all land covered in ice? []: 0.000000 
(SnowballSea) Is all sea covered in ice? []: 0.000000 
(IceFree) Is the planet free of sea and land ice? []: 1.000000 
(IceCapNorthLatLand) Southernmost extent of northern land ice cap. [rad]: 100.000000 
(IceCapNorthLatSea) Southernmost extent of northern sea ice cap. [rad]: 100.000000 
(IceCapSouthLatLand) Northernmost extent of southern land ice cap. [rad]: 100.000000 
(IceCapSouthLatSea) Northernmost extent of southern sea ice cap. [rad]: 100.000000 
(IceBeltNorthLatLand) Northernmost extent of land ice belt. [rad]: 100.000000 
(IceBeltNorthLatSea) Northernmost extent of sea ice belt. [rad]: 100.000000 
(IceBeltSouthLatLand) Southernmost extent of land ice belt. [rad]: 100.000000 
(IceBeltSouthLatSea) Southernmost extent of sea ice belt. [rad]: 100.000000 
Output Order: Time[year] PrecA[deg] TGlobal[Celsius] AlbedoGlobal[] FluxOutGlobal[W/m^2] TotIceMass[kg] TotIceFlow[kg] TotIceBalance[kg] DeltaTime[year] AreaIceCov[year] Snowball[] Obliquity[deg] IceBeltLand[] IceBeltSea[] Eccentricity[] SnowballLand[] SnowballSea[]
Grid Output Order: Time[year] Latitude[deg] TempLat[Celsius] AlbedoLat[] AnnInsol[W/m^2] FluxIn[W/m^2] FluxOut[W/m^2] IceMass[W/m^2] IceHeight[m] DIceMassDt[au] IceFlow[m/s] BedrockH[m] TempMaxLat[Celsius] TempMinLat[Celsius] FluxMerid[PW] DivFlux[W/m^2]
