


---- FINAL SYSTEM PROPERTIES ----
(Age) System Age [sec]: 3.187318e+14 
(Time) Simulation Time [sec]: 3.155760e+12 
(TotAngMom) Total Angular Momentum [kg*m^2/sec]: 1.743174e+41 
(TotEnergy) Total System Energy [kg*m^2/sec^2]: -4.412700e+40 
(PotEnergy) Body's non-orbital Potential Energy [kg*m^2/sec^2]: -4.427160e+40 
(KinEnergy) Body's non-orbital Kinetic Energy [kg*m^2/sec^2]: 1.492074e+35 
(DeltaTime) Average Timestep Over Last Output Interval [sec]: 2.191500e+08 

----- BODY: sun ----
Active Modules: STELLAR
Module Bit Sum: 65
Color: 000000
(Mass) Mass [kg]: 7.834359e+29 
(Radius) Radius [Rearth]: 87.045446 
(RadGyra) Radius of Gyration/Moment of Inertia Constant []: 0.455641 
(RotAngMom) Rotational Angular Momentum [kg*m^2/sec]: 1.223129e+41 
(RotVel) Rotational Velocity [m/sec]: 1354.520317 
(BodyType) Type of Body (0 == planet) []: 0.000000 
(RotRate) Rotational Frequency [/sec]: 2.439766e-06 
(RotPer) Rotational Period [sec]: 2.575323e+06 
(Density) Average Density [kg/m^3]: 1092.956105 
(HZLimitDryRunaway) Semi-major axis of Dry Runaway HZ Limit [m]: 3.974022e+10 
(HZLimRecVenus) Recent Venus HZ Limit [m]: 3.538986e+10 
(HZLimRunaway) Runaway Greenhouse HZ Limit [m]: 4.679489e+10 
(HZLimMoistGreenhouse) Moist Greenhouse HZ Limit [m]: 4.682655e+10 
(HZLimMaxGreenhouse) Maximum Greenhouse HZ Limit [m]: 8.800437e+10 
(HZLimEarlyMars) Early Mars HZ Limit [m]: 9.598098e+10 
(Instellation) Orbit-averaged INcident STELLar radiATION [kg*m^2/sec^2/(m^2*sec)]: -1.000000 
(CriticalSemiMajorAxis) Holman & Wiegert (1999) P-type Critical Semi-major Axis [m]: -1.000000 
(LXUVTot) Total XUV Luminosity [kg*m^2/sec^2/(m^2*sec)]: 3.294417e+22 
(LostEnergy) Body's Total Lost Energy [kg*m^2/sec^2]: 1.445616e+38 
(LostAngMom) Lost Angular Momentum due to Magnetic Braking [kg*m^2/sec]: 3.176344e+36 
----- STELLAR PARAMETERS (sun)------
(Luminosity) Luminosity [LSUN]: 0.085658 
(LXUVStellar) Base X-ray/XUV Luminosity [LSUN]: 8.565826e-05 
(Temperature) Effective Temperature [K]: 3498.831607 
(LXUVFrac) Fraction of luminosity in XUV []: 0.001000 
(RossbyNumber) Rossby Number []: 0.569243 
(DRotPerDtStellar) Time Rate of Change of Rotation Period in STELLAR []: -5.326240e-09 
Output Order: Age[year] Luminosity[LSUN] LXUVStellar[LSUN] Radius[Rearth] Temperature[K]
Grid Output Order:

----- BODY: 700b ----
Active Modules: DistOrb
Module Bit Sum: 17
Color: 000000
(Mass) Mass [kg]: 5.971546e+24 
(Radius) Radius [m]: 6.378100e+06 
(RadGyra) Radius of Gyration/Moment of Inertia Constant []: 0.500000 
(RotKinEnergy) Body's Rotational Energy [kg*m^2/sec^2]: 1.605875e+29 
(RotVel) Rotational Velocity [m/sec]: 463.828521 
(BodyType) Type of Body (0 == planet) []: 0.000000 
(Density) Average Density [kg/m^3]: 5494.449526 
(HEcc) Poincare's h (=e*sin(varpi) []: 0.039292 
(HZLimitDryRunaway) Semi-major axis of Dry Runaway HZ Limit [m]: 3.984134e+10 
(HZLimRecVenus) Recent Venus HZ Limit [m]: 3.538986e+10 
(HZLimRunaway) Runaway Greenhouse HZ Limit [m]: 4.679489e+10 
(HZLimMoistGreenhouse) Moist Greenhouse HZ Limit [m]: 4.682655e+10 
(HZLimMaxGreenhouse) Maximum Greenhouse HZ Limit [m]: 8.800437e+10 
(HZLimEarlyMars) Early Mars HZ Limit [m]: 9.598098e+10 
(Instellation) Orbit-averaged INcident STELLar radiATION [kg*m^2/sec^2/(m^2*sec)]: 2.562384e+04 
(KEcc) Poincare's k (=e*cos(varpi) []: -0.059377 
(Eccentricity) Orbital Eccentricity []: 0.071200 
(OrbEnergy) Body's Total Orbital Energy [kg*m^2/sec^2]: -1.541525e+34 
(MeanMotion) Orbital Mean Motion [/sec]: 7.094707e-06 
(OrbPeriod) Orbital Period [sec]: 8.856159e+05 
(SemiMajorAxis) Semi-major Axis [m]: 1.012778e+10 
(OrbAngMom) Orbital Angular Momentum [kg*m^2/sec]: 4.334535e+39 
(ArgP) Body's argument of pericenter [rad]: 1.009950 
(Inc) Body's Inclination [rad]: 0.025718 
(LongA) Body's Longitude of ascending node [rad]: 1.547061 
(MeanLongitude) Orbital Mean Longitude [rad]: 2.557011 
(LongP) Body's Longitude of pericenter [rad]: 2.557011 
(TotOrbEnergy) System's Total Orbital Energy [kg*m^2/sec^2]: -1.015392e+35 
(OrbPotEnergy) Body's Orbital Potential Energy [kg*m^2/sec^2]: -3.083050e+34 
----- DISTORB PARAMETERS (700b)------
(Sinc) Body's sin(Inc/2) in DistOrb []: 0.012859 
(Pinc) Body's Poincare p in DistOrb []: 0.012855 
(Qinc) Body's Poincare q in DistOrb []: 0.000305 
(DIncDtDistOrb) Body's inclination derivative in DistOrb [rad/sec]: 3.240376e-12 
(DSincDtDistOrb) Body's sin(Inc/2) derivative in DistOrb [/sec]: 1.620054e-12 
(DLongADtDistOrb) Body's longitude of ascending node derivative in DistOrb [rad/sec]: -2.117970e-10 
(DLongPDtDistOrb) Body's longitude of pericenter derivative in DistOrb [rad/sec]: 3.242351e-10 
(DHeccDtDistOrb) Body's Poincare h derivative in DistOrb [/sec]: -1.997410e-11 
(DKeccDtDistOrb) Body's Poincare k in DistOrb [/sec]: -1.164876e-11 
(DPincDtDistOrb) Body's Poincare p in DistOrb [/sec]: 1.554964e-12 
(DQincDtDistOrb) Body's Poincare q in DistOrb [/sec]: 2.761082e-12 
Output Order: Time[year] Eccentricity[] SemiMajorAxis[au] Inc[deg] ArgP[deg] LongA[deg]
Grid Output Order:

----- BODY: 700c ----
Active Modules: DistOrb
Module Bit Sum: 17
Color: 000000
(Mass) Mass [kg]: 3.648087e+25 
(Radius) Radius [m]: 1.658306e+07 
(RadGyra) Radius of Gyration/Moment of Inertia Constant []: 0.500000 
(RotKinEnergy) Body's Rotational Energy [kg*m^2/sec^2]: 1.116764e+26 
(RotVel) Rotational Velocity [m/sec]: 4.948722 
(BodyType) Type of Body (0 == planet) []: 0.000000 
(Density) Average Density [kg/m^3]: 1909.776667 
(HEcc) Poincare's h (=e*sin(varpi) []: 0.013162 
(HZLimitDryRunaway) Semi-major axis of Dry Runaway HZ Limit [m]: 3.974662e+10 
(HZLimRecVenus) Recent Venus HZ Limit [m]: 3.538986e+10 
(HZLimRunaway) Runaway Greenhouse HZ Limit [m]: 4.679489e+10 
(HZLimMoistGreenhouse) Moist Greenhouse HZ Limit [m]: 4.682655e+10 
(HZLimMaxGreenhouse) Maximum Greenhouse HZ Limit [m]: 8.800437e+10 
(HZLimEarlyMars) Early Mars HZ Limit [m]: 9.598098e+10 
(Instellation) Orbit-averaged INcident STELLar radiATION [kg*m^2/sec^2/(m^2*sec)]: 1.357552e+04 
(KEcc) Poincare's k (=e*cos(varpi) []: -0.012198 
(Eccentricity) Orbital Eccentricity []: 0.017945 
(OrbEnergy) Body's Total Orbital Energy [kg*m^2/sec^2]: -6.862810e+34 
(MeanMotion) Orbital Mean Motion [/sec]: 4.413696e-06 
(OrbPeriod) Orbital Period [sec]: 1.423566e+06 
(SemiMajorAxis) Semi-major Axis [m]: 1.389764e+10 
(OrbAngMom) Orbital Angular Momentum [kg*m^2/sec]: 3.109279e+40 
(ArgP) Body's argument of pericenter [rad]: 1.320053 
(Inc) Body's Inclination [rad]: 0.015846 
(LongA) Body's Longitude of ascending node [rad]: 0.998176 
(MeanLongitude) Orbital Mean Longitude [rad]: 2.318229 
(LongP) Body's Longitude of pericenter [rad]: 2.318229 
(TotOrbEnergy) System's Total Orbital Energy [kg*m^2/sec^2]: -1.015392e+35 
(OrbPotEnergy) Body's Orbital Potential Energy [kg*m^2/sec^2]: -1.372562e+35 
----- DISTORB PARAMETERS (700c)------
(Sinc) Body's sin(Inc/2) in DistOrb []: 0.007923 
(Pinc) Body's Poincare p in DistOrb []: 0.006659 
(Qinc) Body's Poincare q in DistOrb []: 0.004293 
(DIncDtDistOrb) Body's inclination derivative in DistOrb [rad/sec]: -9.656867e-13 
(DSincDtDistOrb) Body's sin(Inc/2) derivative in DistOrb [/sec]: -4.828282e-13 
(DLongADtDistOrb) Body's longitude of ascending node derivative in DistOrb [rad/sec]: -1.049085e-12 
(DLongPDtDistOrb) Body's longitude of pericenter derivative in DistOrb [rad/sec]: -3.096430e-10 
(DHeccDtDistOrb) Body's Poincare h derivative in DistOrb [/sec]: 5.474845e-12 
(DKeccDtDistOrb) Body's Poincare k in DistOrb [/sec]: 2.501887e-12 
(DPincDtDistOrb) Body's Poincare p in DistOrb [/sec]: -4.103132e-13 
(DQincDtDistOrb) Body's Poincare q in DistOrb [/sec]: -2.546276e-13 
Output Order: Time[year] Eccentricity[] SemiMajorAxis[au] Inc[deg] ArgP[deg] LongA[deg]
Grid Output Order:

----- BODY: 700d ----
Active Modules: DistOrb DistRot POISE
Module Bit Sum: 305
Color: 000000
(Mass) Mass [kg]: 1.009046e+25 
(Obliquity) Obliquity [rad]: 0.347205 
(PrecA) Body's precession angle [rad]: 1.172851 
(Xobl) Body's sin(obliquity)*cos(precession angle) []: 0.131863 
(Yobl) Body's sin(obliquity)*sin(precession angle) []: 0.313681 
(Zobl) Body's cos(obliquity) []: 0.940326 
(Radius) Radius [m]: 6.843701e+06 
(RadGyra) Radius of Gyration/Moment of Inertia Constant []: 0.500000 
(RotAngMom) Rotational Angular Momentum [kg*m^2/sec]: 8.592094e+33 
(RotKinEnergy) Body's Rotational Energy [kg*m^2/sec^2]: 3.124173e+29 
(RotVel) Rotational Velocity [m/sec]: 497.688003 
(BodyType) Type of Body (0 == planet) []: 0.000000 
(RotRate) Rotational Frequency [/sec]: 7.272205e-05 
(RotPer) Rotational Period [sec]: 8.640000e+04 
(Density) Average Density [kg/m^3]: 7515.346837 
(HEcc) Poincare's h (=e*sin(varpi) []: 0.042837 
(HZLimitDryRunaway) Semi-major axis of Dry Runaway HZ Limit [m]: 3.334783e+10 
(HZLimRecVenus) Recent Venus HZ Limit [m]: 3.538986e+10 
(HZLimRunaway) Runaway Greenhouse HZ Limit [m]: 4.679489e+10 
(HZLimMoistGreenhouse) Moist Greenhouse HZ Limit [m]: 4.682655e+10 
(HZLimMaxGreenhouse) Maximum Greenhouse HZ Limit [m]: 8.800437e+10 
(HZLimEarlyMars) Early Mars HZ Limit [m]: 9.598098e+10 
(Instellation) Orbit-averaged INcident STELLar radiATION [kg*m^2/sec^2/(m^2*sec)]: 4403.709806 
(KEcc) Poincare's k (=e*cos(varpi) []: -0.055633 
(Eccentricity) Orbital Eccentricity []: 0.070215 
(OrbEnergy) Body's Total Orbital Energy [kg*m^2/sec^2]: -1.079884e+34 
(MeanMotion) Orbital Mean Motion [/sec]: 1.893823e-06 
(OrbPeriod) Orbital Period [sec]: 3.317726e+06 
(SemiMajorAxis) Semi-major Axis [m]: 2.442933e+10 
(COPP) Climate Obliquity Precession Parameter []: 0.014576 
(OrbAngMom) Orbital Angular Momentum [kg*m^2/sec]: 1.137613e+40 
(ArgP) Body's argument of pericenter [rad]: 6.090684 
(Inc) Body's Inclination [rad]: 0.006911 
(LongA) Body's Longitude of ascending node [rad]: 2.677919 
(MeanLongitude) Orbital Mean Longitude [rad]: 14.078771 
(LongP) Body's Longitude of pericenter [rad]: 2.485418 
(TotOrbEnergy) System's Total Orbital Energy [kg*m^2/sec^2]: -1.015392e+35 
(OrbPotEnergy) Body's Orbital Potential Energy [kg*m^2/sec^2]: -2.159768e+34 
----- DISTORB PARAMETERS (700d)------
(Sinc) Body's sin(Inc/2) in DistOrb []: 0.003456 
(Pinc) Body's Poincare p in DistOrb []: 0.001545 
(Qinc) Body's Poincare q in DistOrb []: -0.003091 
(DIncDtDistOrb) Body's inclination derivative in DistOrb [rad/sec]: 1.766875e-12 
(DSincDtDistOrb) Body's sin(Inc/2) derivative in DistOrb [/sec]: 8.834323e-13 
(DLongADtDistOrb) Body's longitude of ascending node derivative in DistOrb [rad/sec]: -8.987637e-11 
(DLongPDtDistOrb) Body's longitude of pericenter derivative in DistOrb [rad/sec]: -1.269194e-11 
(DHeccDtDistOrb) Body's Poincare h derivative in DistOrb [/sec]: 1.779478e-12 
(DKeccDtDistOrb) Body's Poincare k in DistOrb [/sec]: -8.503224e-13 
(DPincDtDistOrb) Body's Poincare p in DistOrb [/sec]: 6.728880e-13 
(DQincDtDistOrb) Body's Poincare q in DistOrb [/sec]: -6.512542e-13 
-----DISTROT PARAMETERS (700d)------
(CassiniOne) First Cassini parameter (misalignment of Cassini state vectors) []: 0.952947 
(CassiniTwo) Second Cassini parameter (alignment of Cassini state vectors []: 0.303136 
(DOblDtDistRot) Body's dobl/dt in DistRot [rad]: -1.745378e-12 
(DPrecADtDistRot) Body's dpA/dt in DistRot [rad/sec]: 2.317428e-10 
(DXoblDtDistRot) Body's dXobl/dt in DistRot [/sec]: -7.332941e-11 
(DYoblDtDistRot) Body's dYobl/dt in DistRot [/sec]: 2.904536e-11 
(DZoblDtDistRot) Body's dZobl/dt in DistRot [/sec]: 5.938997e-13 
(OblTimeDistRot) Obliquity timescale in DistRot [rad]: 1.799950e+12 
(PrecATimeDistRot) Axial precession timescale in DistRot [sec]: 2.711275e+10 
(XoblTimeDistRot) Xobl timescale in DistRot [/sec]: 1.363709e+10 
(YoblTimeDistRot) Yobl timescale in DistRot [/sec]: 3.442891e+10 
(ZoblTimeDistRot) Zobl timescale in DistRot [/sec]: 1.683786e+12 
(DynEllip) dynamical ellipticity of planet []: 0.003280 
(PrecFNat) natural precession freq of planet [rad/sec]: 2.298636e-10 
-----POISE PARAMETERS (700d)------
(TGlobal) Global mean temperature from POISE [Celsius]: 278.596716 
(AlbedoGlobal) Global mean bond albedo from POISE []: 0.299307 
(FluxInGlobal) Global mean flux in (insol*(1-albedo)) from POISE [kg*m^2/sec^2/(m^2*sec)]: 785.429009 
(FluxOutGlobal) Global mean flux out from POISE [W/m^2]: 785.567137 
(TotIceMass) Global total ice mass in ice sheets [kg]: 0.000000 
(TotIceFlow) Global total ice flow in ice sheets (should = 0) [kg]: 0.000000 
(TotIceBalance) Global total ice balance in ice sheets (this time step) [kg]: 0.000000 
(SkipSeas) Is Seasonal model skipped due to RGH or snowball? []: 0.000000 
(AreaIceCov) Fractional area ice covered []: 0.000000 
(Latitude) Latitude. [deg]: 83.402352 
(TempLat) Surface temperature by latitude. [Celsius]: 197.692798 
(AlbedoLat) Surface albedo by latitude. []: 0.368185 
(AnnInsol) Annual insolation by latitude. [W/m^2]: 487.544759 
(FluxMerid) Total meridional (northward) flux by latitude [PW]: 5.072748 
(FluxIn) Incoming flux by latitude [W/m^2]: 317.441133 
(FluxOut) Outgoing (spaceward) flux by latitude [W/m^2]: 616.477948 
(DivFlux) Divergence of flux (flow into adjacent cells) by latitude [W/m^2]: -298.070727 
(IceMass) Mass of ice sheets/area by latitude []: 0.000000 
(IceHeight) Height of ice sheets [m]: 0.000000 
(DIceMassDt) derivative of mass of ice sheets/area by latitude [m]: 0.000000 
(IceFlow) flow of ice sheets/area by latitude [m/s]: 0.000000 
(EnergyResL) Energy residual on land [kg*m^2/sec^2/(m^2*sec)]: 6.252776e-13 
(EnergyResW) Energy residual over water [kg*m^2/sec^2/(m^2*sec)]: 9.754331e-11 
(BedrockH) height/depth of bedrock [m]: 0.000000 
(TempLandLat) Land surface temperature by latitude. [sec]: 461.937485 
(TempWaterLat) Water surface temperature by latitude. [sec]: 475.203111 
(AlbedoLandLat) Land surface albedo by latitude. []: 0.434185 
(AlbedoWaterLat) Water surface albedo by latitude. []: 0.334185 
(TempMinLat) Minimum surface temperature over a year by latitude. [Celsius]: 192.008823 
(TempMaxLat) Maximum surface temperature over a year by latitude. [Celsius]: 203.062814 
(Snowball) Is the planet in a snowball state? []: 0.000000 
(PlanckBAvg) Annually averaged Planck B coeff []: 2.090000 
(IceAccum) Ice growth per orbit (accumulation only) []: 0.000000 
(IceAblate) ice decay per orbit (ablation only) []: 0.000000 
(TempMaxLand) Maximum surface temperature on land [sec]: 476.094322 
(TempMaxWater) Maximum surface temperature on water [sec]: 476.071300 
(PeakInsol) Peak insolation by latitude. [kg*m^2/sec^2/(m^2*sec)]: 1383.698716 
(IceCapNorthLand) Does the planet have a northern polar ice cap on land? []: 0.000000 
(IceCapNorthSea) Does the planet have a northern polar sea ice cap []: 0.000000 
(IceCapSouthLand) Does the planet have a southern polar ice cap on land? []: 0.000000 
(IceCapSouthSea) Does the planet have a southern polar sea ice cap? []: 0.000000 
(IceBeltLand) Does the planet have a land ice belt? []: 0.000000 
(IceBeltSea) Does the planet have a sea ice belt? []: 0.000000 
(SnowballLand) Is all land covered in ice? []: 0.000000 
(SnowballSea) Is all sea covered in ice? []: 0.000000 
(IceFree) Is the planet free of sea and land ice? []: 1.000000 
(IceCapNorthLatLand) Southernmost extent of northern land ice cap. [rad]: 100.000000 
(IceCapNorthLatSea) Southernmost extent of northern sea ice cap. [rad]: 100.000000 
(IceCapSouthLatLand) Northernmost extent of southern land ice cap. [rad]: 100.000000 
(IceCapSouthLatSea) Northernmost extent of southern sea ice cap. [rad]: 100.000000 
(IceBeltNorthLatLand) Northernmost extent of land ice belt. [rad]: 100.000000 
(IceBeltNorthLatSea) Northernmost extent of sea ice belt. [rad]: 100.000000 
(IceBeltSouthLatLand) Southernmost extent of land ice belt. [rad]: 100.000000 
(IceBeltSouthLatSea) Southernmost extent of sea ice belt. [rad]: 100.000000 
Output Order: Time[year] PrecA[deg] TGlobal[Celsius] AlbedoGlobal[] FluxOutGlobal[W/m^2] TotIceMass[kg] DeltaTime[year] AreaIceCov[year] Snowball[] Obliquity[deg] IceBeltLand[] IceBeltSea[] Eccentricity[] SnowballLand[] SnowballSea[]
Grid Output Order: Time[year] Latitude[deg] TempLat[Celsius] AlbedoLat[] AnnInsol[W/m^2] FluxIn[W/m^2] FluxOut[W/m^2] IceMass[W/m^2] IceHeight[m] DIceMassDt[au] IceFlow[m/s] BedrockH[m] TempMaxLat[Celsius] TempMinLat[Celsius] FluxMerid[PW] DivFlux[W/m^2]

----- BODY: 700e ----
Active Modules: DistOrb DistRot POISE
Module Bit Sum: 305
Color: 000000
(Mass) Mass [kg]: 5.134885e+24 
(Obliquity) Obliquity [rad]: 1.049297 
(PrecA) Body's precession angle [rad]: 4.504604 
(Xobl) Body's sin(obliquity)*cos(precession angle) []: -0.178870 
(Yobl) Body's sin(obliquity)*sin(precession angle) []: -0.848416 
(Zobl) Body's cos(obliquity) []: 0.498177 
(Radius) Radius [m]: 6.078329e+06 
(RadGyra) Radius of Gyration/Moment of Inertia Constant []: 0.500000 
(RotAngMom) Rotational Angular Momentum [kg*m^2/sec]: 3.361944e+33 
(RotKinEnergy) Body's Rotational Energy [kg*m^2/sec^2]: 1.191548e+29 
(RotVel) Rotational Velocity [m/sec]: 430.859286 
(BodyType) Type of Body (0 == planet) []: 0.000000 
(RotRate) Rotational Frequency [/sec]: 7.088449e-05 
(RotPer) Rotational Period [sec]: 8.863977e+04 
(Density) Average Density [kg/m^3]: 5458.703163 
(HEcc) Poincare's h (=e*sin(varpi) []: 0.061949 
(HZLimitDryRunaway) Semi-major axis of Dry Runaway HZ Limit [m]: 3.334441e+10 
(HZLimRecVenus) Recent Venus HZ Limit [m]: 3.538986e+10 
(HZLimRunaway) Runaway Greenhouse HZ Limit [m]: 4.679489e+10 
(HZLimMoistGreenhouse) Moist Greenhouse HZ Limit [m]: 4.682655e+10 
(HZLimMaxGreenhouse) Maximum Greenhouse HZ Limit [m]: 8.800437e+10 
(HZLimEarlyMars) Early Mars HZ Limit [m]: 9.598098e+10 
(Instellation) Orbit-averaged INcident STELLar radiATION [kg*m^2/sec^2/(m^2*sec)]: 6598.272736 
(KEcc) Poincare's k (=e*cos(varpi) []: -0.136286 
(Eccentricity) Orbital Eccentricity []: 0.149705 
(OrbEnergy) Body's Total Orbital Energy [kg*m^2/sec^2]: -6.696971e+33 
(MeanMotion) Orbital Mean Motion [/sec]: 2.547769e-06 
(OrbPeriod) Orbital Period [sec]: 2.466152e+06 
(SemiMajorAxis) Semi-major Axis [m]: 2.004611e+10 
(COPP) Climate Obliquity Precession Parameter []: 0.053715 
(OrbAngMom) Orbital Angular Momentum [kg*m^2/sec]: 5.197882e+39 
(ArgP) Body's argument of pericenter [rad]: 1.469566 
(Inc) Body's Inclination [rad]: 0.012513 
(LongA) Body's Longitude of ascending node [rad]: 1.245392 
(MeanLongitude) Orbital Mean Longitude [rad]: 14.177168 
(LongP) Body's Longitude of pericenter [rad]: 2.714958 
(TotOrbEnergy) System's Total Orbital Energy [kg*m^2/sec^2]: -1.015392e+35 
(OrbPotEnergy) Body's Orbital Potential Energy [kg*m^2/sec^2]: -1.339394e+34 
----- DISTORB PARAMETERS (700e)------
(Sinc) Body's sin(Inc/2) in DistOrb []: 0.006256 
(Pinc) Body's Poincare p in DistOrb []: 0.005928 
(Qinc) Body's Poincare q in DistOrb []: 0.002000 
(DIncDtDistOrb) Body's inclination derivative in DistOrb [rad/sec]: -1.866322e-13 
(DSincDtDistOrb) Body's sin(Inc/2) derivative in DistOrb [/sec]: -9.331426e-14 
(DLongADtDistOrb) Body's longitude of ascending node derivative in DistOrb [rad/sec]: -1.139151e-10 
(DLongPDtDistOrb) Body's longitude of pericenter derivative in DistOrb [rad/sec]: 2.321564e-10 
(DHeccDtDistOrb) Body's Poincare h derivative in DistOrb [/sec]: -3.284107e-11 
(DKeccDtDistOrb) Body's Poincare k in DistOrb [/sec]: -1.173916e-11 
(DPincDtDistOrb) Body's Poincare p in DistOrb [/sec]: -3.162592e-13 
(DQincDtDistOrb) Body's Poincare q in DistOrb [/sec]: 6.454601e-13 
-----DISTROT PARAMETERS (700e)------
(CassiniOne) First Cassini parameter (misalignment of Cassini state vectors) []: 0.971039 
(CassiniTwo) Second Cassini parameter (alignment of Cassini state vectors []: -0.238922 
(DOblDtDistRot) Body's dobl/dt in DistRot [rad]: -8.852173e-13 
(DPrecADtDistRot) Body's dpA/dt in DistRot [rad/sec]: 2.328695e-10 
(DXoblDtDistRot) Body's dXobl/dt in DistRot [/sec]: 1.976612e-10 
(DYoblDtDistRot) Body's dYobl/dt in DistRot [/sec]: -4.122186e-11 
(DZoblDtDistRot) Body's dZobl/dt in DistRot [/sec]: 7.675363e-13 
(OblTimeDistRot) Obliquity timescale in DistRot [rad]: 3.548951e+12 
(PrecATimeDistRot) Axial precession timescale in DistRot [sec]: 2.698158e+10 
(XoblTimeDistRot) Xobl timescale in DistRot [/sec]: 5.059162e+09 
(YoblTimeDistRot) Yobl timescale in DistRot [/sec]: 2.425897e+10 
(ZoblTimeDistRot) Zobl timescale in DistRot [/sec]: 1.302870e+12 
(DynEllip) dynamical ellipticity of planet []: 0.003280 
(PrecFNat) natural precession freq of planet [rad/sec]: 2.322098e-10 
-----POISE PARAMETERS (700e)------
(TGlobal) Global mean temperature from POISE [Celsius]: 462.767261 
(AlbedoGlobal) Global mean bond albedo from POISE []: 0.311758 
(FluxInGlobal) Global mean flux in (insol*(1-albedo)) from POISE [kg*m^2/sec^2/(m^2*sec)]: 1172.670775 
(FluxOutGlobal) Global mean flux out from POISE [W/m^2]: 1170.483576 
(TotIceMass) Global total ice mass in ice sheets [kg]: 0.000000 
(TotIceFlow) Global total ice flow in ice sheets (should = 0) [kg]: 0.000000 
(TotIceBalance) Global total ice balance in ice sheets (this time step) [kg]: 0.000000 
(SkipSeas) Is Seasonal model skipped due to RGH or snowball? []: 0.000000 
(AreaIceCov) Fractional area ice covered []: 0.000000 
(Latitude) Latitude. [deg]: 83.380372 
(TempLat) Surface temperature by latitude. [Celsius]: 490.666627 
(AlbedoLat) Surface albedo by latitude. []: 0.330827 
(AnnInsol) Annual insolation by latitude. [W/m^2]: 1817.420667 
(FluxMerid) Total meridional (northward) flux by latitude [PW]: -0.668896 
(FluxIn) Incoming flux by latitude [W/m^2]: 1274.972297 
(FluxOut) Outgoing (spaceward) flux by latitude [W/m^2]: 1228.793250 
(DivFlux) Divergence of flux (flow into adjacent cells) by latitude [W/m^2]: 49.658212 
(IceMass) Mass of ice sheets/area by latitude []: 0.000000 
(IceHeight) Height of ice sheets [m]: 0.000000 
(DIceMassDt) derivative of mass of ice sheets/area by latitude [m]: 0.000000 
(IceFlow) flow of ice sheets/area by latitude [m/s]: 0.000000 
(EnergyResL) Energy residual on land [kg*m^2/sec^2/(m^2*sec)]: 2.614797e-12 
(EnergyResW) Energy residual over water [kg*m^2/sec^2/(m^2*sec)]: 2.751221e-11 
(BedrockH) height/depth of bedrock [m]: 0.000000 
(TempLandLat) Land surface temperature by latitude. [sec]: 742.642445 
(TempWaterLat) Water surface temperature by latitude. [sec]: 774.497266 
(AlbedoLandLat) Land surface albedo by latitude. []: 0.396827 
(AlbedoWaterLat) Water surface albedo by latitude. []: 0.296827 
(TempMinLat) Minimum surface temperature over a year by latitude. [Celsius]: 472.338993 
(TempMaxLat) Maximum surface temperature over a year by latitude. [Celsius]: 507.239776 
(Snowball) Is the planet in a snowball state? []: 0.000000 
(PlanckBAvg) Annually averaged Planck B coeff []: 2.090000 
(IceAccum) Ice growth per orbit (accumulation only) []: 0.000000 
(IceAblate) ice decay per orbit (ablation only) []: 0.000000 
(TempMaxLand) Maximum surface temperature on land [sec]: 786.387474 
(TempMaxWater) Maximum surface temperature on water [sec]: 777.072781 
(PeakInsol) Peak insolation by latitude. [kg*m^2/sec^2/(m^2*sec)]: 5377.803582 
(IceCapNorthLand) Does the planet have a northern polar ice cap on land? []: 0.000000 
(IceCapNorthSea) Does the planet have a northern polar sea ice cap []: 0.000000 
(IceCapSouthLand) Does the planet have a southern polar ice cap on land? []: 0.000000 
(IceCapSouthSea) Does the planet have a southern polar sea ice cap? []: 0.000000 
(IceBeltLand) Does the planet have a land ice belt? []: 0.000000 
(IceBeltSea) Does the planet have a sea ice belt? []: 0.000000 
(SnowballLand) Is all land covered in ice? []: 0.000000 
(SnowballSea) Is all sea covered in ice? []: 0.000000 
(IceFree) Is the planet free of sea and land ice? []: 1.000000 
(IceCapNorthLatLand) Southernmost extent of northern land ice cap. [rad]: 100.000000 
(IceCapNorthLatSea) Southernmost extent of northern sea ice cap. [rad]: 100.000000 
(IceCapSouthLatLand) Northernmost extent of southern land ice cap. [rad]: 100.000000 
(IceCapSouthLatSea) Northernmost extent of southern sea ice cap. [rad]: 100.000000 
(IceBeltNorthLatLand) Northernmost extent of land ice belt. [rad]: 100.000000 
(IceBeltNorthLatSea) Northernmost extent of sea ice belt. [rad]: 100.000000 
(IceBeltSouthLatLand) Southernmost extent of land ice belt. [rad]: 100.000000 
(IceBeltSouthLatSea) Southernmost extent of sea ice belt. [rad]: 100.000000 
Output Order: Time[year] PrecA[deg] TGlobal[Celsius] AlbedoGlobal[] FluxOutGlobal[W/m^2] TotIceMass[kg] TotIceFlow[kg] TotIceBalance[kg] DeltaTime[year] AreaIceCov[year] Snowball[] Obliquity[deg] IceBeltLand[] IceBeltSea[] Eccentricity[] SnowballLand[] SnowballSea[]
Grid Output Order: Time[year] Latitude[deg] TempLat[Celsius] AlbedoLat[] AnnInsol[W/m^2] FluxIn[W/m^2] FluxOut[W/m^2] IceMass[W/m^2] IceHeight[m] DIceMassDt[au] IceFlow[m/s] BedrockH[m] TempMaxLat[Celsius] TempMinLat[Celsius] FluxMerid[PW] DivFlux[W/m^2]
