-------- Log file solarsys.log -------

Executable: C:\Users\Coleman\anaconda3\Scripts\vplanet
Version: Unknown
System Name: solarsys
Primary Input File: vpl.in
Body File #1: sun.in
Body File #2: 700b.in
Body File #3: 700c.in
Body File #4: 700d.in
Body File #5: 700e.in
Allow files to be overwitten: Yes
Mass Units: Grams
Length Units: Meters
Time Units: Seconds
Angle Units: Radians

------- FORMATTING -----
Verbosity Level: 5
Crossover Decade for Scientific Notation: 4
Number of Digits After Decimal: 6
Integration Method: Runge-Kutta4
Direction: Forward
Time Step: 3.155760e+07
Stop Time: 3.155760e+11
Output Interval: 3.155760e+10
Use Variable Timestep: Yes
dEta: 0.100000
Minimum Value of ecc and obl: 0.000000


---- INITIAL SYSTEM PROPERTIES ----
(Age) System Age [sec]: 3.155760e+14 
(Time) Simulation Time [sec]: 0.000000 
(TotAngMom) Total Angular Momentum [kg*m^2/sec]: 1.743174e+41 
(TotEnergy) Total System Energy [kg*m^2/sec^2]: -4.412700e+40 
(PotEnergy) Body's non-orbital Potential Energy [kg*m^2/sec^2]: -4.412704e+40 
(KinEnergy) Body's non-orbital Kinetic Energy [kg*m^2/sec^2]: 1.482512e+35 
(DeltaTime) Average Timestep Over Last Output Interval [sec]: 0.000000 

----- BODY: sun ----
Active Modules: STELLAR
Module Bit Sum: 65
Color: 000000
(Mass) Mass [kg]: 7.834359e+29 
(Radius) Radius [Rearth]: 87.330606 
(RadGyra) Radius of Gyration/Moment of Inertia Constant []: 0.455627 
(RotAngMom) Rotational Angular Momentum [kg*m^2/sec]: 1.223160e+41 
(RotVel) Rotational Velocity [m/sec]: 1350.214193 
(BodyType) Type of Body (0 == planet) []: 0.000000 
(RotRate) Rotational Frequency [/sec]: 2.424068e-06 
(RotPer) Rotational Period [sec]: 2.592000e+06 
(Density) Average Density [kg/m^3]: 1082.284575 
(HZLimitDryRunaway) Semi-major axis of Dry Runaway HZ Limit [m]: 3.987983e+10 
(HZLimRecVenus) Recent Venus HZ Limit [m]: 3.551386e+10 
(HZLimRunaway) Runaway Greenhouse HZ Limit [m]: 4.695902e+10 
(HZLimMoistGreenhouse) Moist Greenhouse HZ Limit [m]: 4.699062e+10 
(HZLimMaxGreenhouse) Maximum Greenhouse HZ Limit [m]: 8.831129e+10 
(HZLimEarlyMars) Early Mars HZ Limit [m]: 9.631572e+10 
(Instellation) Orbit-averaged INcident STELLar radiATION [kg*m^2/sec^2/(m^2*sec)]: -1.000000 
(CriticalSemiMajorAxis) Holman & Wiegert (1999) P-type Critical Semi-major Axis [m]: -1.000000 
(LXUVTot) Total XUV Luminosity [kg*m^2/sec^2/(m^2*sec)]: 3.317604e+22 
(LostEnergy) Body's Total Lost Energy [kg*m^2/sec^2]: 5.562685e-309 
(LostAngMom) Lost Angular Momentum due to Magnetic Braking [kg*m^2/sec]: 5.562685e-309 
----- STELLAR PARAMETERS (sun)------
(Luminosity) Luminosity [LSUN]: 0.086261 
(LXUVStellar) Base X-ray/XUV Luminosity [LSUN]: 8.626116e-05 
(Temperature) Effective Temperature [K]: 3499.241696 
(LXUVFrac) Fraction of luminosity in XUV []: 0.001000 
(RossbyNumber) Rossby Number []: 0.573049 
(DRotPerDtStellar) Time Rate of Change of Rotation Period in STELLAR []: -5.257584e-09 
Output Order: Age[year] Luminosity[LSUN] LXUVStellar[LSUN] Radius[Rearth] Temperature[K]
Grid Output Order:

----- BODY: 700b ----
Active Modules: DistOrb
Module Bit Sum: 17
Color: 000000
(Mass) Mass [kg]: 5.971546e+24 
(Radius) Radius [m]: 6.378100e+06 
(RadGyra) Radius of Gyration/Moment of Inertia Constant []: 0.500000 
(RotKinEnergy) Body's Rotational Energy [kg*m^2/sec^2]: 1.605875e+29 
(RotVel) Rotational Velocity [m/sec]: 463.828521 
(BodyType) Type of Body (0 == planet) []: 0.000000 
(Density) Average Density [kg/m^3]: 5494.449526 
(HEcc) Poincare's h (=e*sin(varpi) []: 0.073210 
(HZLimitDryRunaway) Semi-major axis of Dry Runaway HZ Limit [m]: 3.999247e+10 
(HZLimRecVenus) Recent Venus HZ Limit [m]: 3.551386e+10 
(HZLimRunaway) Runaway Greenhouse HZ Limit [m]: 4.695902e+10 
(HZLimMoistGreenhouse) Moist Greenhouse HZ Limit [m]: 4.699062e+10 
(HZLimMaxGreenhouse) Maximum Greenhouse HZ Limit [m]: 8.831129e+10 
(HZLimEarlyMars) Early Mars HZ Limit [m]: 9.631572e+10 
(Instellation) Orbit-averaged INcident STELLar radiATION [kg*m^2/sec^2/(m^2*sec)]: 2.581139e+04 
(KEcc) Poincare's k (=e*cos(varpi) []: 0.016289 
(Eccentricity) Orbital Eccentricity []: 0.075000 
(OrbEnergy) Body's Total Orbital Energy [kg*m^2/sec^2]: -1.541525e+34 
(MeanMotion) Orbital Mean Motion [/sec]: 7.094707e-06 
(OrbPeriod) Orbital Period [sec]: 8.856159e+05 
(SemiMajorAxis) Semi-major Axis [m]: 1.012778e+10 
(OrbAngMom) Orbital Angular Momentum [kg*m^2/sec]: 4.333324e+39 
(ArgP) Body's argument of pericenter [rad]: 0.508323 
(Inc) Body's Inclination [rad]: 0.006981 
(LongA) Body's Longitude of ascending node [rad]: 0.843547 
(MeanLongitude) Orbital Mean Longitude [rad]: 1.351870 
(LongP) Body's Longitude of pericenter [rad]: 1.351870 
(TotOrbEnergy) System's Total Orbital Energy [kg*m^2/sec^2]: -1.015392e+35 
(OrbPotEnergy) Body's Orbital Potential Energy [kg*m^2/sec^2]: -3.083050e+34 
----- DISTORB PARAMETERS (700b)------
(Sinc) Body's sin(Inc/2) in DistOrb []: 0.003491 
(Pinc) Body's Poincare p in DistOrb []: 0.002608 
(Qinc) Body's Poincare q in DistOrb []: 0.002321 
(DIncDtDistOrb) Body's inclination derivative in DistOrb [rad/sec]: -4.161384e-12 
(DSincDtDistOrb) Body's sin(Inc/2) derivative in DistOrb [/sec]: -2.080679e-12 
(DLongADtDistOrb) Body's longitude of ascending node derivative in DistOrb [rad/sec]: 5.933595e-10 
(DLongPDtDistOrb) Body's longitude of pericenter derivative in DistOrb [rad/sec]: 2.437381e-10 
(DHeccDtDistOrb) Body's Poincare h derivative in DistOrb [/sec]: 2.269416e-11 
(DKeccDtDistOrb) Body's Poincare k in DistOrb [/sec]: -1.367809e-11 
(DPincDtDistOrb) Body's Poincare p in DistOrb [/sec]: -1.773021e-13 
(DQincDtDistOrb) Body's Poincare q in DistOrb [/sec]: -2.930479e-12 
Output Order: Time[year] Eccentricity[] SemiMajorAxis[au] Inc[deg] ArgP[deg] LongA[deg]
Grid Output Order:

----- BODY: 700c ----
Active Modules: DistOrb
Module Bit Sum: 17
Color: 000000
(Mass) Mass [kg]: 3.648087e+25 
(Radius) Radius [m]: 1.658306e+07 
(RadGyra) Radius of Gyration/Moment of Inertia Constant []: 0.500000 
(RotKinEnergy) Body's Rotational Energy [kg*m^2/sec^2]: 1.116764e+26 
(RotVel) Rotational Velocity [m/sec]: 4.948722 
(BodyType) Type of Body (0 == planet) []: 0.000000 
(Density) Average Density [kg/m^3]: 1909.776667 
(HEcc) Poincare's h (=e*sin(varpi) []: 0.050903 
(HZLimitDryRunaway) Semi-major axis of Dry Runaway HZ Limit [m]: 3.997235e+10 
(HZLimRecVenus) Recent Venus HZ Limit [m]: 3.551386e+10 
(HZLimRunaway) Runaway Greenhouse HZ Limit [m]: 4.695902e+10 
(HZLimMoistGreenhouse) Moist Greenhouse HZ Limit [m]: 4.699062e+10 
(HZLimMaxGreenhouse) Maximum Greenhouse HZ Limit [m]: 8.831129e+10 
(HZLimEarlyMars) Early Mars HZ Limit [m]: 9.631572e+10 
(Instellation) Orbit-averaged INcident STELLar radiATION [kg*m^2/sec^2/(m^2*sec)]: 1.370058e+04 
(KEcc) Poincare's k (=e*cos(varpi) []: -0.045087 
(Eccentricity) Orbital Eccentricity []: 0.068000 
(OrbEnergy) Body's Total Orbital Energy [kg*m^2/sec^2]: -6.862810e+34 
(MeanMotion) Orbital Mean Motion [/sec]: 4.413696e-06 
(OrbPeriod) Orbital Period [sec]: 1.423566e+06 
(SemiMajorAxis) Semi-major Axis [m]: 1.389764e+10 
(OrbAngMom) Orbital Angular Momentum [kg*m^2/sec]: 3.102581e+40 
(ArgP) Body's argument of pericenter [rad]: 0.957353 
(Inc) Body's Inclination [rad]: 0.019199 
(LongA) Body's Longitude of ascending node [rad]: 1.338331 
(MeanLongitude) Orbital Mean Longitude [rad]: 2.295684 
(LongP) Body's Longitude of pericenter [rad]: 2.295684 
(TotOrbEnergy) System's Total Orbital Energy [kg*m^2/sec^2]: -1.015392e+35 
(OrbPotEnergy) Body's Orbital Potential Energy [kg*m^2/sec^2]: -1.372562e+35 
----- DISTORB PARAMETERS (700c)------
(Sinc) Body's sin(Inc/2) in DistOrb []: 0.009599 
(Pinc) Body's Poincare p in DistOrb []: 0.009341 
(Qinc) Body's Poincare q in DistOrb []: 0.002211 
(DIncDtDistOrb) Body's inclination derivative in DistOrb [rad/sec]: 3.504950e-13 
(DSincDtDistOrb) Body's sin(Inc/2) derivative in DistOrb [/sec]: 1.752394e-13 
(DLongADtDistOrb) Body's longitude of ascending node derivative in DistOrb [rad/sec]: -7.865893e-11 
(DLongPDtDistOrb) Body's longitude of pericenter derivative in DistOrb [rad/sec]: 8.336976e-11 
(DHeccDtDistOrb) Body's Poincare h derivative in DistOrb [/sec]: -6.133783e-12 
(DKeccDtDistOrb) Body's Poincare k in DistOrb [/sec]: -2.140245e-12 
(DPincDtDistOrb) Body's Poincare p in DistOrb [/sec]: -3.423258e-15 
(DQincDtDistOrb) Body's Poincare q in DistOrb [/sec]: 7.751210e-13 
Output Order: Time[year] Eccentricity[] SemiMajorAxis[au] Inc[deg] ArgP[deg] LongA[deg]
Grid Output Order:

----- BODY: 700d ----
Active Modules: DistOrb DistRot POISE
Module Bit Sum: 305
Color: 000000
(Mass) Mass [kg]: 1.009046e+25 
(Obliquity) Obliquity [rad]: 0.000000 
(PrecA) Body's precession angle [rad]: 0.000000 
(Xobl) Body's sin(obliquity)*cos(precession angle) []: 0.000000 
(Yobl) Body's sin(obliquity)*sin(precession angle) []: 0.000000 
(Zobl) Body's cos(obliquity) []: 1.000000 
(Radius) Radius [m]: 6.843701e+06 
(RadGyra) Radius of Gyration/Moment of Inertia Constant []: 0.500000 
(RotAngMom) Rotational Angular Momentum [kg*m^2/sec]: 8.592094e+33 
(RotKinEnergy) Body's Rotational Energy [kg*m^2/sec^2]: 3.124173e+29 
(RotVel) Rotational Velocity [m/sec]: 497.688003 
(BodyType) Type of Body (0 == planet) []: 0.000000 
(RotRate) Rotational Frequency [/sec]: 7.272205e-05 
(RotPer) Rotational Period [sec]: 8.640000e+04 
(Density) Average Density [kg/m^3]: 7515.346837 
(HEcc) Poincare's h (=e*sin(varpi) []: 3.771314e-12 
(HZLimitDryRunaway) Semi-major axis of Dry Runaway HZ Limit [m]: 3.346685e+10 
(HZLimRecVenus) Recent Venus HZ Limit [m]: 3.551386e+10 
(HZLimRunaway) Runaway Greenhouse HZ Limit [m]: 4.695902e+10 
(HZLimMoistGreenhouse) Moist Greenhouse HZ Limit [m]: 4.699062e+10 
(HZLimMaxGreenhouse) Maximum Greenhouse HZ Limit [m]: 8.831129e+10 
(HZLimEarlyMars) Early Mars HZ Limit [m]: 9.631572e+10 
(Instellation) Orbit-averaged INcident STELLar radiATION [kg*m^2/sec^2/(m^2*sec)]: 4427.666371 
(KEcc) Poincare's k (=e*cos(varpi) []: -0.042000 
(Eccentricity) Orbital Eccentricity []: 0.042000 
(OrbEnergy) Body's Total Orbital Energy [kg*m^2/sec^2]: -1.079884e+34 
(MeanMotion) Orbital Mean Motion [/sec]: 1.893823e-06 
(OrbPeriod) Orbital Period [sec]: 3.317726e+06 
(SemiMajorAxis) Semi-major Axis [m]: 2.442933e+10 
(COPP) Climate Obliquity Precession Parameter []: 0.000000 
(OrbAngMom) Orbital Angular Momentum [kg*m^2/sec]: 1.139421e+40 
(ArgP) Body's argument of pericenter [rad]: 3.338128 
(Inc) Body's Inclination [rad]: 0.003491 
(LongA) Body's Longitude of ascending node [rad]: 6.086650 
(MeanLongitude) Orbital Mean Longitude [rad]: 14.055795 
(LongP) Body's Longitude of pericenter [rad]: 3.141593 
(TotOrbEnergy) System's Total Orbital Energy [kg*m^2/sec^2]: -1.015392e+35 
(OrbPotEnergy) Body's Orbital Potential Energy [kg*m^2/sec^2]: -2.159768e+34 
----- DISTORB PARAMETERS (700d)------
(Sinc) Body's sin(Inc/2) in DistOrb []: 0.001745 
(Pinc) Body's Poincare p in DistOrb []: -0.000341 
(Qinc) Body's Poincare q in DistOrb []: 0.001712 
(DIncDtDistOrb) Body's inclination derivative in DistOrb [rad/sec]: -1.401977e-12 
(DSincDtDistOrb) Body's sin(Inc/2) derivative in DistOrb [/sec]: -7.009875e-13 
(DLongADtDistOrb) Body's longitude of ascending node derivative in DistOrb [rad/sec]: -3.109597e-11 
(DLongPDtDistOrb) Body's longitude of pericenter derivative in DistOrb [rad/sec]: 1.554951e-10 
(DHeccDtDistOrb) Body's Poincare h derivative in DistOrb [/sec]: -6.530795e-12 
(DKeccDtDistOrb) Body's Poincare k in DistOrb [/sec]: 2.595080e-13 
(DPincDtDistOrb) Body's Poincare p in DistOrb [/sec]: 8.365567e-14 
(DQincDtDistOrb) Body's Poincare q in DistOrb [/sec]: -6.980908e-13 
-----DISTROT PARAMETERS (700d)------
(CassiniOne) First Cassini parameter (misalignment of Cassini state vectors) []: 0.000000 
(CassiniTwo) Second Cassini parameter (alignment of Cassini state vectors []: 0.000000 
(DOblDtDistRot) Body's dobl/dt in DistRot [rad]: 0.000000 
(DPrecADtDistRot) Body's dpA/dt in DistRot [rad/sec]: 0.000000 
(DXoblDtDistRot) Body's dXobl/dt in DistRot [/sec]: -1.396184e-12 
(DYoblDtDistRot) Body's dYobl/dt in DistRot [/sec]: -1.673119e-13 
(DZoblDtDistRot) Body's dZobl/dt in DistRot [/sec]: 0.000000 
(OblTimeDistRot) Obliquity timescale in DistRot [rad]: -1.000000 
(PrecATimeDistRot) Axial precession timescale in DistRot [sec]: -1.000000 
(XoblTimeDistRot) Xobl timescale in DistRot [/sec]: 7.162381e+11 
(YoblTimeDistRot) Yobl timescale in DistRot [/sec]: 5.976861e+12 
(ZoblTimeDistRot) Zobl timescale in DistRot [/sec]: -1.000000 
(DynEllip) dynamical ellipticity of planet []: 0.003280 
(PrecFNat) natural precession freq of planet [rad/sec]: 2.432888e-10 
-----POISE PARAMETERS (700d)------
(TGlobal) Global mean temperature from POISE [Celsius]: 280.168048 
(AlbedoGlobal) Global mean bond albedo from POISE []: 0.296998 
(FluxInGlobal) Global mean flux in (insol*(1-albedo)) from POISE [kg*m^2/sec^2/(m^2*sec)]: 790.085402 
(FluxOutGlobal) Global mean flux out from POISE [W/m^2]: 788.851219 
(TotIceMass) Global total ice mass in ice sheets [kg]: 0.000000 
(TotIceFlow) Global total ice flow in ice sheets (should = 0) [kg]: 0.000000 
(TotIceBalance) Global total ice balance in ice sheets (this time step) [kg]: 0.000000 
(SkipSeas) Is Seasonal model skipped due to RGH or snowball? []: 0.000000 
(AreaIceCov) Fractional area ice covered []: 0.000000 
(Latitude) Latitude. [deg]: -83.402352 
(TempLat) Surface temperature by latitude. [Celsius]: 175.310508 
(AlbedoLat) Surface albedo by latitude. []: 0.375416 
(AnnInsol) Annual insolation by latitude. [W/m^2]: 161.931492 
(FluxMerid) Total meridional (northward) flux by latitude [PW]: -7.993613 
(FluxIn) Incoming flux by latitude [W/m^2]: 101.234475 
(FluxOut) Outgoing (spaceward) flux by latitude [W/m^2]: 569.698962 
(DivFlux) Divergence of flux (flow into adjacent cells) by latitude [W/m^2]: -469.698512 
(IceMass) Mass of ice sheets/area by latitude []: 0.000000 
(IceHeight) Height of ice sheets [m]: 0.000000 
(DIceMassDt) derivative of mass of ice sheets/area by latitude [m]: 0.000000 
(IceFlow) flow of ice sheets/area by latitude [m/s]: 0.000000 
(EnergyResL) Energy residual on land [kg*m^2/sec^2/(m^2*sec)]: 2.029310e-11 
(EnergyResW) Energy residual over water [kg*m^2/sec^2/(m^2*sec)]: 5.136371e-10 
(BedrockH) height/depth of bedrock [m]: 0.000000 
(TempLandLat) Land surface temperature by latitude. [sec]: 441.233341 
(TempWaterLat) Water surface temperature by latitude. [sec]: 451.956321 
(AlbedoLandLat) Land surface albedo by latitude. []: 0.441416 
(AlbedoWaterLat) Water surface albedo by latitude. []: 0.341416 
(TempMinLat) Minimum surface temperature over a year by latitude. [Celsius]: 175.116351 
(TempMaxLat) Maximum surface temperature over a year by latitude. [Celsius]: 175.494623 
(Snowball) Is the planet in a snowball state? []: 0.000000 
(PlanckBAvg) Annually averaged Planck B coeff []: 2.090000 
(IceAccum) Ice growth per orbit (accumulation only) []: 0.000000 
(IceAblate) ice decay per orbit (ablation only) []: 0.000000 
(TempMaxLand) Maximum surface temperature on land [sec]: 441.744056 
(TempMaxWater) Maximum surface temperature on water [sec]: 451.972188 
(PeakInsol) Peak insolation by latitude. [kg*m^2/sec^2/(m^2*sec)]: 176.285616 
(IceCapNorthLand) Does the planet have a northern polar ice cap on land? []: 0.000000 
(IceCapNorthSea) Does the planet have a northern polar sea ice cap []: 0.000000 
(IceCapSouthLand) Does the planet have a southern polar ice cap on land? []: 0.000000 
(IceCapSouthSea) Does the planet have a southern polar sea ice cap? []: 0.000000 
(IceBeltLand) Does the planet have a land ice belt? []: 0.000000 
(IceBeltSea) Does the planet have a sea ice belt? []: 0.000000 
(SnowballLand) Is all land covered in ice? []: 0.000000 
(SnowballSea) Is all sea covered in ice? []: 0.000000 
(IceFree) Is the planet free of sea and land ice? []: 1.000000 
(IceCapNorthLatLand) Southernmost extent of northern land ice cap. [rad]: 100.000000 
(IceCapNorthLatSea) Southernmost extent of northern sea ice cap. [rad]: 100.000000 
(IceCapSouthLatLand) Northernmost extent of southern land ice cap. [rad]: 100.000000 
(IceCapSouthLatSea) Northernmost extent of southern sea ice cap. [rad]: 100.000000 
(IceBeltNorthLatLand) Northernmost extent of land ice belt. [rad]: 100.000000 
(IceBeltNorthLatSea) Northernmost extent of sea ice belt. [rad]: 100.000000 
(IceBeltSouthLatLand) Southernmost extent of land ice belt. [rad]: 100.000000 
(IceBeltSouthLatSea) Southernmost extent of sea ice belt. [rad]: 100.000000 
Output Order: Time[year] PrecA[deg] TGlobal[Celsius] AlbedoGlobal[] FluxOutGlobal[W/m^2] TotIceMass[kg] DeltaTime[year] AreaIceCov[year] Snowball[] Obliquity[deg] IceBeltLand[] IceBeltSea[] Eccentricity[] SnowballLand[] SnowballSea[]
Grid Output Order: Time[year] Latitude[deg] TempLat[Celsius] AlbedoLat[] AnnInsol[W/m^2] FluxIn[W/m^2] FluxOut[W/m^2] IceMass[W/m^2] IceHeight[m] DIceMassDt[au] IceFlow[m/s] BedrockH[m] TempMaxLat[Celsius] TempMinLat[Celsius] FluxMerid[PW] DivFlux[W/m^2]

----- BODY: 700e ----
Active Modules: DistOrb DistRot POISE
Module Bit Sum: 305
Color: 000000
(Mass) Mass [kg]: 5.134885e+24 
(Obliquity) Obliquity [rad]: 1.570796 
(PrecA) Body's precession angle [rad]: 0.000000 
(Xobl) Body's sin(obliquity)*cos(precession angle) []: 1.000000 
(Yobl) Body's sin(obliquity)*sin(precession angle) []: 0.000000 
(Zobl) Body's cos(obliquity) []: 4.489659e-11 
(Radius) Radius [m]: 6.078329e+06 
(RadGyra) Radius of Gyration/Moment of Inertia Constant []: 0.500000 
(RotAngMom) Rotational Angular Momentum [kg*m^2/sec]: 3.361944e+33 
(RotKinEnergy) Body's Rotational Energy [kg*m^2/sec^2]: 1.191548e+29 
(RotVel) Rotational Velocity [m/sec]: 430.859286 
(BodyType) Type of Body (0 == planet) []: 0.000000 
(RotRate) Rotational Frequency [/sec]: 7.088449e-05 
(RotPer) Rotational Period [sec]: 8.863977e+04 
(Density) Average Density [kg/m^3]: 5458.703163 
(HEcc) Poincare's h (=e*sin(varpi) []: -0.023959 
(HZLimitDryRunaway) Semi-major axis of Dry Runaway HZ Limit [m]: 3.301632e+10 
(HZLimRecVenus) Recent Venus HZ Limit [m]: 3.551386e+10 
(HZLimRunaway) Runaway Greenhouse HZ Limit [m]: 4.695902e+10 
(HZLimMoistGreenhouse) Moist Greenhouse HZ Limit [m]: 4.699062e+10 
(HZLimMaxGreenhouse) Maximum Greenhouse HZ Limit [m]: 8.831129e+10 
(HZLimEarlyMars) Early Mars HZ Limit [m]: 9.631572e+10 
(Instellation) Orbit-averaged INcident STELLar radiATION [kg*m^2/sec^2/(m^2*sec)]: 6581.296908 
(KEcc) Poincare's k (=e*cos(varpi) []: 0.053916 
(Eccentricity) Orbital Eccentricity []: 0.059000 
(OrbEnergy) Body's Total Orbital Energy [kg*m^2/sec^2]: -6.696971e+33 
(MeanMotion) Orbital Mean Motion [/sec]: 2.547769e-06 
(OrbPeriod) Orbital Period [sec]: 2.466152e+06 
(SemiMajorAxis) Semi-major Axis [m]: 2.004611e+10 
(COPP) Climate Obliquity Precession Parameter []: -0.023959 
(OrbAngMom) Orbital Angular Momentum [kg*m^2/sec]: 5.247968e+39 
(ArgP) Body's argument of pericenter [rad]: 4.999710 
(Inc) Body's Inclination [rad]: 0.006981 
(LongA) Body's Longitude of ascending node [rad]: 0.865309 
(MeanLongitude) Orbital Mean Longitude [rad]: 7.511523 
(LongP) Body's Longitude of pericenter [rad]: 5.865019 
(TotOrbEnergy) System's Total Orbital Energy [kg*m^2/sec^2]: -1.015392e+35 
(OrbPotEnergy) Body's Orbital Potential Energy [kg*m^2/sec^2]: -1.339394e+34 
----- DISTORB PARAMETERS (700e)------
(Sinc) Body's sin(Inc/2) in DistOrb []: 0.003491 
(Pinc) Body's Poincare p in DistOrb []: 0.002657 
(Qinc) Body's Poincare q in DistOrb []: 0.002263 
(DIncDtDistOrb) Body's inclination derivative in DistOrb [rad/sec]: -8.743112e-13 
(DSincDtDistOrb) Body's sin(Inc/2) derivative in DistOrb [/sec]: -4.371529e-13 
(DLongADtDistOrb) Body's longitude of ascending node derivative in DistOrb [rad/sec]: 1.367766e-10 
(DLongPDtDistOrb) Body's longitude of pericenter derivative in DistOrb [rad/sec]: 5.284859e-10 
(DHeccDtDistOrb) Body's Poincare h derivative in DistOrb [/sec]: 2.773144e-11 
(DKeccDtDistOrb) Body's Poincare k in DistOrb [/sec]: 1.437801e-11 
(DPincDtDistOrb) Body's Poincare p in DistOrb [/sec]: -2.322842e-14 
(DQincDtDistOrb) Body's Poincare q in DistOrb [/sec]: -6.469247e-13 
-----DISTROT PARAMETERS (700e)------
(CassiniOne) First Cassini parameter (misalignment of Cassini state vectors) []: 0.999026 
(CassiniTwo) Second Cassini parameter (alignment of Cassini state vectors []: 0.044133 
(DOblDtDistRot) Body's dobl/dt in DistRot [rad]: -1.293848e-12 
(DPrecADtDistRot) Body's dpA/dt in DistRot [rad/sec]: -3.333129e-15 
(DXoblDtDistRot) Body's dXobl/dt in DistRot [/sec]: 0.000000 
(DYoblDtDistRot) Body's dYobl/dt in DistRot [/sec]: -3.333129e-15 
(DZoblDtDistRot) Body's dZobl/dt in DistRot [/sec]: 1.293848e-12 
(OblTimeDistRot) Obliquity timescale in DistRot [rad]: 2.428100e+12 
(PrecATimeDistRot) Axial precession timescale in DistRot [sec]: 1.885071e+15 
(XoblTimeDistRot) Xobl timescale in DistRot [/sec]: -1.000000 
(YoblTimeDistRot) Yobl timescale in DistRot [/sec]: 3.000184e+14 
(ZoblTimeDistRot) Zobl timescale in DistRot [/sec]: 7.728881e+11 
(DynEllip) dynamical ellipticity of planet []: 0.003280 
(PrecFNat) natural precession freq of planet [rad/sec]: 2.033369e-20 
-----POISE PARAMETERS (700e)------
(TGlobal) Global mean temperature from POISE [Celsius]: 459.556617 
(AlbedoGlobal) Global mean bond albedo from POISE []: 0.316975 
(FluxInGlobal) Global mean flux in (insol*(1-albedo)) from POISE [kg*m^2/sec^2/(m^2*sec)]: 1165.711604 
(FluxOutGlobal) Global mean flux out from POISE [W/m^2]: 1163.773329 
(TotIceMass) Global total ice mass in ice sheets [kg]: 0.000000 
(TotIceFlow) Global total ice flow in ice sheets (should = 0) [kg]: 0.000000 
(TotIceBalance) Global total ice balance in ice sheets (this time step) [kg]: 0.000000 
(SkipSeas) Is Seasonal model skipped due to RGH or snowball? []: 0.000000 
(AreaIceCov) Fractional area ice covered []: 0.000000 
(Latitude) Latitude. [deg]: -83.380372 
(TempLat) Surface temperature by latitude. [Celsius]: 508.666087 
(AlbedoLat) Surface albedo by latitude. []: 0.316889 
(AnnInsol) Annual insolation by latitude. [W/m^2]: 2086.401942 
(FluxMerid) Total meridional (northward) flux by latitude [PW]: 2.204946 
(FluxIn) Incoming flux by latitude [W/m^2]: 1432.038382 
(FluxOut) Outgoing (spaceward) flux by latitude [W/m^2]: 1266.412121 
(DivFlux) Divergence of flux (flow into adjacent cells) by latitude [W/m^2]: 163.693089 
(IceMass) Mass of ice sheets/area by latitude []: 0.000000 
(IceHeight) Height of ice sheets [m]: 0.000000 
(DIceMassDt) derivative of mass of ice sheets/area by latitude [m]: 0.000000 
(IceFlow) flow of ice sheets/area by latitude [m/s]: 0.000000 
(EnergyResL) Energy residual on land [kg*m^2/sec^2/(m^2*sec)]: -3.410605e-11 
(EnergyResW) Energy residual over water [kg*m^2/sec^2/(m^2*sec)]: -6.471055e-10 
(BedrockH) height/depth of bedrock [m]: 0.000000 
(TempLandLat) Land surface temperature by latitude. [sec]: 759.998117 
(TempWaterLat) Water surface temperature by latitude. [sec]: 792.828374 
(AlbedoLandLat) Land surface albedo by latitude. []: 0.382889 
(AlbedoWaterLat) Water surface albedo by latitude. []: 0.282889 
(TempMinLat) Minimum surface temperature over a year by latitude. [Celsius]: 487.110880 
(TempMaxLat) Maximum surface temperature over a year by latitude. [Celsius]: 529.692879 
(Snowball) Is the planet in a snowball state? []: 0.000000 
(PlanckBAvg) Annually averaged Planck B coeff []: 2.090000 
(IceAccum) Ice growth per orbit (accumulation only) []: 0.000000 
(IceAblate) ice decay per orbit (ablation only) []: 0.000000 
(TempMaxLand) Maximum surface temperature on land [sec]: 815.629740 
(TempMaxWater) Maximum surface temperature on water [sec]: 796.028435 
(PeakInsol) Peak insolation by latitude. [kg*m^2/sec^2/(m^2*sec)]: 6261.269062 
(IceCapNorthLand) Does the planet have a northern polar ice cap on land? []: 0.000000 
(IceCapNorthSea) Does the planet have a northern polar sea ice cap []: 0.000000 
(IceCapSouthLand) Does the planet have a southern polar ice cap on land? []: 0.000000 
(IceCapSouthSea) Does the planet have a southern polar sea ice cap? []: 0.000000 
(IceBeltLand) Does the planet have a land ice belt? []: 0.000000 
(IceBeltSea) Does the planet have a sea ice belt? []: 0.000000 
(SnowballLand) Is all land covered in ice? []: 0.000000 
(SnowballSea) Is all sea covered in ice? []: 0.000000 
(IceFree) Is the planet free of sea and land ice? []: 1.000000 
(IceCapNorthLatLand) Southernmost extent of northern land ice cap. [rad]: 100.000000 
(IceCapNorthLatSea) Southernmost extent of northern sea ice cap. [rad]: 100.000000 
(IceCapSouthLatLand) Northernmost extent of southern land ice cap. [rad]: 100.000000 
(IceCapSouthLatSea) Northernmost extent of southern sea ice cap. [rad]: 100.000000 
(IceBeltNorthLatLand) Northernmost extent of land ice belt. [rad]: 100.000000 
(IceBeltNorthLatSea) Northernmost extent of sea ice belt. [rad]: 100.000000 
(IceBeltSouthLatLand) Southernmost extent of land ice belt. [rad]: 100.000000 
(IceBeltSouthLatSea) Southernmost extent of sea ice belt. [rad]: 100.000000 
Output Order: Time[year] PrecA[deg] TGlobal[Celsius] AlbedoGlobal[] FluxOutGlobal[W/m^2] TotIceMass[kg] TotIceFlow[kg] TotIceBalance[kg] DeltaTime[year] AreaIceCov[year] Snowball[] Obliquity[deg] IceBeltLand[] IceBeltSea[] Eccentricity[] SnowballLand[] SnowballSea[]
Grid Output Order: Time[year] Latitude[deg] TempLat[Celsius] AlbedoLat[] AnnInsol[W/m^2] FluxIn[W/m^2] FluxOut[W/m^2] IceMass[W/m^2] IceHeight[m] DIceMassDt[au] IceFlow[m/s] BedrockH[m] TempMaxLat[Celsius] TempMinLat[Celsius] FluxMerid[PW] DivFlux[W/m^2]



---- FINAL SYSTEM PROPERTIES ----
(Age) System Age [sec]: 3.158916e+14 
(Time) Simulation Time [sec]: 3.155760e+11 
(TotAngMom) Total Angular Momentum [kg*m^2/sec]: 1.743174e+41 
(TotEnergy) Total System Energy [kg*m^2/sec^2]: -4.412700e+40 
(PotEnergy) Body's non-orbital Potential Energy [kg*m^2/sec^2]: -4.414150e+40 
(KinEnergy) Body's non-orbital Kinetic Energy [kg*m^2/sec^2]: 1.483459e+35 
(DeltaTime) Average Timestep Over Last Output Interval [sec]: 1.562257e+08 

----- BODY: sun ----
Active Modules: STELLAR
Module Bit Sum: 65
Color: 000000
(Mass) Mass [kg]: 7.834359e+29 
(Radius) Radius [Rearth]: 87.302003 
(RadGyra) Radius of Gyration/Moment of Inertia Constant []: 0.455630 
(RotAngMom) Rotational Angular Momentum [kg*m^2/sec]: 1.223157e+41 
(RotVel) Rotational Velocity [m/sec]: 1350.637452 
(BodyType) Type of Body (0 == planet) []: 0.000000 
(RotRate) Rotational Frequency [/sec]: 2.425623e-06 
(RotPer) Rotational Period [sec]: 2.590339e+06 
(Density) Average Density [kg/m^3]: 1083.348703 
(HZLimitDryRunaway) Semi-major axis of Dry Runaway HZ Limit [m]: 3.986586e+10 
(HZLimRecVenus) Recent Venus HZ Limit [m]: 3.550145e+10 
(HZLimRunaway) Runaway Greenhouse HZ Limit [m]: 4.694259e+10 
(HZLimMoistGreenhouse) Moist Greenhouse HZ Limit [m]: 4.697420e+10 
(HZLimMaxGreenhouse) Maximum Greenhouse HZ Limit [m]: 8.828058e+10 
(HZLimEarlyMars) Early Mars HZ Limit [m]: 9.628223e+10 
(Instellation) Orbit-averaged INcident STELLar radiATION [kg*m^2/sec^2/(m^2*sec)]: -1.000000 
(CriticalSemiMajorAxis) Holman & Wiegert (1999) P-type Critical Semi-major Axis [m]: -1.000000 
(LXUVTot) Total XUV Luminosity [kg*m^2/sec^2/(m^2*sec)]: 3.315280e+22 
(LostEnergy) Body's Total Lost Energy [kg*m^2/sec^2]: 1.445751e+37 
(LostAngMom) Lost Angular Momentum due to Magnetic Braking [kg*m^2/sec]: 3.155286e+35 
----- STELLAR PARAMETERS (sun)------
(Luminosity) Luminosity [LSUN]: 0.086201 
(LXUVStellar) Base X-ray/XUV Luminosity [LSUN]: 8.620073e-05 
(Temperature) Effective Temperature [K]: 3499.200190 
(LXUVFrac) Fraction of luminosity in XUV []: 0.001000 
(RossbyNumber) Rossby Number []: 0.572670 
(DRotPerDtStellar) Time Rate of Change of Rotation Period in STELLAR []: -5.269150e-09 
Output Order: Age[year] Luminosity[LSUN] LXUVStellar[LSUN] Radius[Rearth] Temperature[K]
Grid Output Order:

----- BODY: 700b ----
Active Modules: DistOrb
Module Bit Sum: 17
Color: 000000
(Mass) Mass [kg]: 5.971546e+24 
(Radius) Radius [m]: 6.378100e+06 
(RadGyra) Radius of Gyration/Moment of Inertia Constant []: 0.500000 
(RotKinEnergy) Body's Rotational Energy [kg*m^2/sec^2]: 1.605875e+29 
(RotVel) Rotational Velocity [m/sec]: 463.828521 
(BodyType) Type of Body (0 == planet) []: 0.000000 
(Density) Average Density [kg/m^3]: 5494.449526 
(HEcc) Poincare's h (=e*sin(varpi) []: -0.063114 
(HZLimitDryRunaway) Semi-major axis of Dry Runaway HZ Limit [m]: 3.999762e+10 
(HZLimRecVenus) Recent Venus HZ Limit [m]: 3.550145e+10 
(HZLimRunaway) Runaway Greenhouse HZ Limit [m]: 4.694259e+10 
(HZLimMoistGreenhouse) Moist Greenhouse HZ Limit [m]: 4.697420e+10 
(HZLimMaxGreenhouse) Maximum Greenhouse HZ Limit [m]: 8.828058e+10 
(HZLimEarlyMars) Early Mars HZ Limit [m]: 9.628223e+10 
(Instellation) Orbit-averaged INcident STELLar radiATION [kg*m^2/sec^2/(m^2*sec)]: 2.580568e+04 
(KEcc) Poincare's k (=e*cos(varpi) []: 0.050933 
(Eccentricity) Orbital Eccentricity []: 0.081102 
(OrbEnergy) Body's Total Orbital Energy [kg*m^2/sec^2]: -1.541525e+34 
(MeanMotion) Orbital Mean Motion [/sec]: 7.094707e-06 
(OrbPeriod) Orbital Period [sec]: 8.856159e+05 
(SemiMajorAxis) Semi-major Axis [m]: 1.012778e+10 
(OrbAngMom) Orbital Angular Momentum [kg*m^2/sec]: 4.331248e+39 
(ArgP) Body's argument of pericenter [rad]: 2.293685 
(Inc) Body's Inclination [rad]: 0.003532 
(LongA) Body's Longitude of ascending node [rad]: 3.097702 
(MeanLongitude) Orbital Mean Longitude [rad]: -0.891798 
(LongP) Body's Longitude of pericenter [rad]: 5.391388 
(TotOrbEnergy) System's Total Orbital Energy [kg*m^2/sec^2]: -1.015392e+35 
(OrbPotEnergy) Body's Orbital Potential Energy [kg*m^2/sec^2]: -3.083050e+34 
----- DISTORB PARAMETERS (700b)------
(Sinc) Body's sin(Inc/2) in DistOrb []: 0.001766 
(Pinc) Body's Poincare p in DistOrb []: 7.748188e-05 
(Qinc) Body's Poincare q in DistOrb []: -0.001764 
(DIncDtDistOrb) Body's inclination derivative in DistOrb [rad/sec]: 4.627713e-12 
(DSincDtDistOrb) Body's sin(Inc/2) derivative in DistOrb [/sec]: 2.313853e-12 
(DLongADtDistOrb) Body's longitude of ascending node derivative in DistOrb [rad/sec]: -1.052848e-09 
(DLongPDtDistOrb) Body's longitude of pericenter derivative in DistOrb [rad/sec]: 3.181707e-10 
(DHeccDtDistOrb) Body's Poincare h derivative in DistOrb [/sec]: 3.264268e-11 
(DKeccDtDistOrb) Body's Poincare k in DistOrb [/sec]: 6.816036e-12 
(DPincDtDistOrb) Body's Poincare p in DistOrb [/sec]: 1.958970e-12 
(DQincDtDistOrb) Body's Poincare q in DistOrb [/sec]: -2.230048e-12 
Output Order: Time[year] Eccentricity[] SemiMajorAxis[au] Inc[deg] ArgP[deg] LongA[deg]
Grid Output Order:

----- BODY: 700c ----
Active Modules: DistOrb
Module Bit Sum: 17
Color: 000000
(Mass) Mass [kg]: 3.648087e+25 
(Radius) Radius [m]: 1.658306e+07 
(RadGyra) Radius of Gyration/Moment of Inertia Constant []: 0.500000 
(RotKinEnergy) Body's Rotational Energy [kg*m^2/sec^2]: 1.116764e+26 
(RotVel) Rotational Velocity [m/sec]: 4.948722 
(BodyType) Type of Body (0 == planet) []: 0.000000 
(Density) Average Density [kg/m^3]: 1909.776667 
(HEcc) Poincare's h (=e*sin(varpi) []: -0.057415 
(HZLimitDryRunaway) Semi-major axis of Dry Runaway HZ Limit [m]: 3.994770e+10 
(HZLimRecVenus) Recent Venus HZ Limit [m]: 3.550145e+10 
(HZLimRunaway) Runaway Greenhouse HZ Limit [m]: 4.694259e+10 
(HZLimMoistGreenhouse) Moist Greenhouse HZ Limit [m]: 4.697420e+10 
(HZLimMaxGreenhouse) Maximum Greenhouse HZ Limit [m]: 8.828058e+10 
(HZLimEarlyMars) Early Mars HZ Limit [m]: 9.628223e+10 
(Instellation) Orbit-averaged INcident STELLar radiATION [kg*m^2/sec^2/(m^2*sec)]: 1.368733e+04 
(KEcc) Poincare's k (=e*cos(varpi) []: -0.028224 
(Eccentricity) Orbital Eccentricity []: 0.063977 
(OrbEnergy) Body's Total Orbital Energy [kg*m^2/sec^2]: -6.862810e+34 
(MeanMotion) Orbital Mean Motion [/sec]: 4.413696e-06 
(OrbPeriod) Orbital Period [sec]: 1.423566e+06 
(SemiMajorAxis) Semi-major Axis [m]: 1.389764e+10 
(OrbAngMom) Orbital Angular Momentum [kg*m^2/sec]: 3.103409e+40 
(ArgP) Body's argument of pericenter [rad]: 3.206765 
(Inc) Body's Inclination [rad]: 0.010090 
(LongA) Body's Longitude of ascending node [rad]: 1.048736 
(MeanLongitude) Orbital Mean Longitude [rad]: -2.027684 
(LongP) Body's Longitude of pericenter [rad]: 4.255501 
(TotOrbEnergy) System's Total Orbital Energy [kg*m^2/sec^2]: -1.015392e+35 
(OrbPotEnergy) Body's Orbital Potential Energy [kg*m^2/sec^2]: -1.372562e+35 
----- DISTORB PARAMETERS (700c)------
(Sinc) Body's sin(Inc/2) in DistOrb []: 0.005045 
(Pinc) Body's Poincare p in DistOrb []: 0.004373 
(Qinc) Body's Poincare q in DistOrb []: 0.002516 
(DIncDtDistOrb) Body's inclination derivative in DistOrb [rad/sec]: -5.010704e-13 
(DSincDtDistOrb) Body's sin(Inc/2) derivative in DistOrb [/sec]: -2.505320e-13 
(DLongADtDistOrb) Body's longitude of ascending node derivative in DistOrb [rad/sec]: -5.437454e-11 
(DLongPDtDistOrb) Body's longitude of pericenter derivative in DistOrb [rad/sec]: 6.151036e-11 
(DHeccDtDistOrb) Body's Poincare h derivative in DistOrb [/sec]: -3.340395e-12 
(DKeccDtDistOrb) Body's Poincare k in DistOrb [/sec]: 2.742975e-12 
(DPincDtDistOrb) Body's Poincare p in DistOrb [/sec]: -3.539500e-13 
(DQincDtDistOrb) Body's Poincare q in DistOrb [/sec]: 1.128397e-13 
Output Order: Time[year] Eccentricity[] SemiMajorAxis[au] Inc[deg] ArgP[deg] LongA[deg]
Grid Output Order:

----- BODY: 700d ----
Active Modules: DistOrb DistRot POISE
Module Bit Sum: 305
Color: 000000
(Mass) Mass [kg]: 1.009046e+25 
(Obliquity) Obliquity [rad]: 0.006320 
(PrecA) Body's precession angle [rad]: 2.749432 
(Xobl) Body's sin(obliquity)*cos(precession angle) []: -0.005840 
(Yobl) Body's sin(obliquity)*sin(precession angle) []: 0.002415 
(Zobl) Body's cos(obliquity) []: 0.999980 
(Radius) Radius [m]: 6.843701e+06 
(RadGyra) Radius of Gyration/Moment of Inertia Constant []: 0.500000 
(RotAngMom) Rotational Angular Momentum [kg*m^2/sec]: 8.592094e+33 
(RotKinEnergy) Body's Rotational Energy [kg*m^2/sec^2]: 3.124173e+29 
(RotVel) Rotational Velocity [m/sec]: 497.688003 
(BodyType) Type of Body (0 == planet) []: 0.000000 
(RotRate) Rotational Frequency [/sec]: 7.272205e-05 
(RotPer) Rotational Period [sec]: 8.640000e+04 
(Density) Average Density [kg/m^3]: 7515.346837 
(HEcc) Poincare's h (=e*sin(varpi) []: 5.652830e-05 
(HZLimitDryRunaway) Semi-major axis of Dry Runaway HZ Limit [m]: 3.342565e+10 
(HZLimRecVenus) Recent Venus HZ Limit [m]: 3.550145e+10 
(HZLimRunaway) Runaway Greenhouse HZ Limit [m]: 4.694259e+10 
(HZLimMoistGreenhouse) Moist Greenhouse HZ Limit [m]: 4.697420e+10 
(HZLimMaxGreenhouse) Maximum Greenhouse HZ Limit [m]: 8.828058e+10 
(HZLimEarlyMars) Early Mars HZ Limit [m]: 9.628223e+10 
(Instellation) Orbit-averaged INcident STELLar radiATION [kg*m^2/sec^2/(m^2*sec)]: 4420.668436 
(KEcc) Poincare's k (=e*cos(varpi) []: 0.001868 
(Eccentricity) Orbital Eccentricity []: 0.001869 
(OrbEnergy) Body's Total Orbital Energy [kg*m^2/sec^2]: -1.079884e+34 
(MeanMotion) Orbital Mean Motion [/sec]: 1.893823e-06 
(OrbPeriod) Orbital Period [sec]: 3.317726e+06 
(SemiMajorAxis) Semi-major Axis [m]: 2.442933e+10 
(COPP) Climate Obliquity Precession Parameter []: 3.572624e-07 
(OrbAngMom) Orbital Angular Momentum [kg*m^2/sec]: 1.140426e+40 
(ArgP) Body's argument of pericenter [rad]: 5.065879 
(Inc) Body's Inclination [rad]: 0.026480 
(LongA) Body's Longitude of ascending node [rad]: 1.247561 
(MeanLongitude) Orbital Mean Longitude [rad]: 7.692846 
(LongP) Body's Longitude of pericenter [rad]: 0.030254 
(TotOrbEnergy) System's Total Orbital Energy [kg*m^2/sec^2]: -1.015392e+35 
(OrbPotEnergy) Body's Orbital Potential Energy [kg*m^2/sec^2]: -2.159768e+34 
----- DISTORB PARAMETERS (700d)------
(Sinc) Body's sin(Inc/2) in DistOrb []: 0.013240 
(Pinc) Body's Poincare p in DistOrb []: 0.012554 
(Qinc) Body's Poincare q in DistOrb []: 0.004205 
(DIncDtDistOrb) Body's inclination derivative in DistOrb [rad/sec]: -2.178156e-13 
(DSincDtDistOrb) Body's sin(Inc/2) derivative in DistOrb [/sec]: -1.088982e-13 
(DLongADtDistOrb) Body's longitude of ascending node derivative in DistOrb [rad/sec]: -7.985592e-11 
(DLongPDtDistOrb) Body's longitude of pericenter derivative in DistOrb [rad/sec]: 3.578448e-09 
(DHeccDtDistOrb) Body's Poincare h derivative in DistOrb [/sec]: 6.631759e-12 
(DKeccDtDistOrb) Body's Poincare k in DistOrb [/sec]: -1.931939e-12 
(DPincDtDistOrb) Body's Poincare p in DistOrb [/sec]: -4.390883e-13 
(DQincDtDistOrb) Body's Poincare q in DistOrb [/sec]: 9.679342e-13 
-----DISTROT PARAMETERS (700d)------
(CassiniOne) First Cassini parameter (misalignment of Cassini state vectors) []: 0.764816 
(CassiniTwo) Second Cassini parameter (alignment of Cassini state vectors []: -0.644249 
(DOblDtDistRot) Body's dobl/dt in DistRot [rad]: -1.453129e-12 
(DPrecADtDistRot) Body's dpA/dt in DistRot [rad/sec]: -2.776008e-12 
(DXoblDtDistRot) Body's dXobl/dt in DistRot [/sec]: 1.349494e-12 
(DYoblDtDistRot) Body's dYobl/dt in DistRot [/sec]: -5.391413e-13 
(DZoblDtDistRot) Body's dZobl/dt in DistRot [/sec]: 9.183870e-15 
(OblTimeDistRot) Obliquity timescale in DistRot [rad]: 2.161950e+12 
(PrecATimeDistRot) Axial precession timescale in DistRot [sec]: 2.263388e+12 
(XoblTimeDistRot) Xobl timescale in DistRot [/sec]: 7.410183e+11 
(YoblTimeDistRot) Yobl timescale in DistRot [/sec]: 1.854801e+12 
(ZoblTimeDistRot) Zobl timescale in DistRot [/sec]: 1.088866e+14 
(DynEllip) dynamical ellipticity of planet []: 0.003280 
(PrecFNat) natural precession freq of planet [rad/sec]: 2.426418e-10 
-----POISE PARAMETERS (700d)------
(TGlobal) Global mean temperature from POISE [Celsius]: 279.823002 
(AlbedoGlobal) Global mean bond albedo from POISE []: 0.296999 
(FluxInGlobal) Global mean flux in (insol*(1-albedo)) from POISE [kg*m^2/sec^2/(m^2*sec)]: 788.063386 
(FluxOutGlobal) Global mean flux out from POISE [W/m^2]: 788.130075 
(TotIceMass) Global total ice mass in ice sheets [kg]: 0.000000 
(TotIceFlow) Global total ice flow in ice sheets (should = 0) [kg]: 0.000000 
(TotIceBalance) Global total ice balance in ice sheets (this time step) [kg]: 0.000000 
(SkipSeas) Is Seasonal model skipped due to RGH or snowball? []: 0.000000 
(AreaIceCov) Fractional area ice covered []: 0.000000 
(Latitude) Latitude. [deg]: 83.402352 
(TempLat) Surface temperature by latitude. [Celsius]: 175.271061 
(AlbedoLat) Surface albedo by latitude. []: 0.375412 
(AnnInsol) Annual insolation by latitude. [W/m^2]: 161.794650 
(FluxMerid) Total meridional (northward) flux by latitude [PW]: 7.971736 
(FluxIn) Incoming flux by latitude [W/m^2]: 101.138320 
(FluxOut) Outgoing (spaceward) flux by latitude [W/m^2]: 569.616518 
(DivFlux) Divergence of flux (flow into adjacent cells) by latitude [W/m^2]: -468.413024 
(IceMass) Mass of ice sheets/area by latitude []: 0.000000 
(IceHeight) Height of ice sheets [m]: 0.000000 
(DIceMassDt) derivative of mass of ice sheets/area by latitude [m]: 0.000000 
(IceFlow) flow of ice sheets/area by latitude [m/s]: 0.000000 
(EnergyResL) Energy residual on land [kg*m^2/sec^2/(m^2*sec)]: -8.867573e-12 
(EnergyResW) Energy residual over water [kg*m^2/sec^2/(m^2*sec)]: 3.103651e-11 
(BedrockH) height/depth of bedrock [m]: 0.000000 
(TempLandLat) Land surface temperature by latitude. [sec]: 440.990035 
(TempWaterLat) Water surface temperature by latitude. [sec]: 452.021893 
(AlbedoLandLat) Land surface albedo by latitude. []: 0.441412 
(AlbedoWaterLat) Water surface albedo by latitude. []: 0.341412 
(TempMinLat) Minimum surface temperature over a year by latitude. [Celsius]: 175.177662 
(TempMaxLat) Maximum surface temperature over a year by latitude. [Celsius]: 175.365785 
(Snowball) Is the planet in a snowball state? []: 0.000000 
(PlanckBAvg) Annually averaged Planck B coeff []: 2.090000 
(IceAccum) Ice growth per orbit (accumulation only) []: 0.000000 
(IceAblate) ice decay per orbit (ablation only) []: 0.000000 
(TempMaxLand) Maximum surface temperature on land [sec]: 441.238279 
(TempMaxWater) Maximum surface temperature on water [sec]: 452.037531 
(PeakInsol) Peak insolation by latitude. [kg*m^2/sec^2/(m^2*sec)]: 175.771655 
(IceCapNorthLand) Does the planet have a northern polar ice cap on land? []: 0.000000 
(IceCapNorthSea) Does the planet have a northern polar sea ice cap []: 0.000000 
(IceCapSouthLand) Does the planet have a southern polar ice cap on land? []: 0.000000 
(IceCapSouthSea) Does the planet have a southern polar sea ice cap? []: 0.000000 
(IceBeltLand) Does the planet have a land ice belt? []: 0.000000 
(IceBeltSea) Does the planet have a sea ice belt? []: 0.000000 
(SnowballLand) Is all land covered in ice? []: 0.000000 
(SnowballSea) Is all sea covered in ice? []: 0.000000 
(IceFree) Is the planet free of sea and land ice? []: 1.000000 
(IceCapNorthLatLand) Southernmost extent of northern land ice cap. [rad]: 100.000000 
(IceCapNorthLatSea) Southernmost extent of northern sea ice cap. [rad]: 100.000000 
(IceCapSouthLatLand) Northernmost extent of southern land ice cap. [rad]: 100.000000 
(IceCapSouthLatSea) Northernmost extent of southern sea ice cap. [rad]: 100.000000 
(IceBeltNorthLatLand) Northernmost extent of land ice belt. [rad]: 100.000000 
(IceBeltNorthLatSea) Northernmost extent of sea ice belt. [rad]: 100.000000 
(IceBeltSouthLatLand) Southernmost extent of land ice belt. [rad]: 100.000000 
(IceBeltSouthLatSea) Southernmost extent of sea ice belt. [rad]: 100.000000 
Output Order: Time[year] PrecA[deg] TGlobal[Celsius] AlbedoGlobal[] FluxOutGlobal[W/m^2] TotIceMass[kg] DeltaTime[year] AreaIceCov[year] Snowball[] Obliquity[deg] IceBeltLand[] IceBeltSea[] Eccentricity[] SnowballLand[] SnowballSea[]
Grid Output Order: Time[year] Latitude[deg] TempLat[Celsius] AlbedoLat[] AnnInsol[W/m^2] FluxIn[W/m^2] FluxOut[W/m^2] IceMass[W/m^2] IceHeight[m] DIceMassDt[au] IceFlow[m/s] BedrockH[m] TempMaxLat[Celsius] TempMinLat[Celsius] FluxMerid[PW] DivFlux[W/m^2]

----- BODY: 700e ----
Active Modules: DistOrb DistRot POISE
Module Bit Sum: 305
Color: 000000
(Mass) Mass [kg]: 5.134885e+24 
(Obliquity) Obliquity [rad]: 1.563038 
(PrecA) Body's precession angle [rad]: 0.102630 
(Xobl) Body's sin(obliquity)*cos(precession angle) []: 0.994716 
(Yobl) Body's sin(obliquity)*sin(precession angle) []: 0.102448 
(Zobl) Body's cos(obliquity) []: 0.007758 
(Radius) Radius [m]: 6.078329e+06 
(RadGyra) Radius of Gyration/Moment of Inertia Constant []: 0.500000 
(RotAngMom) Rotational Angular Momentum [kg*m^2/sec]: 3.361944e+33 
(RotKinEnergy) Body's Rotational Energy [kg*m^2/sec^2]: 1.191548e+29 
(RotVel) Rotational Velocity [m/sec]: 430.859286 
(BodyType) Type of Body (0 == planet) []: 0.000000 
(RotRate) Rotational Frequency [/sec]: 7.088449e-05 
(RotPer) Rotational Period [sec]: 8.863977e+04 
(Density) Average Density [kg/m^3]: 5458.703163 
(HEcc) Poincare's h (=e*sin(varpi) []: -0.000749 
(HZLimitDryRunaway) Semi-major axis of Dry Runaway HZ Limit [m]: 3.311333e+10 
(HZLimRecVenus) Recent Venus HZ Limit [m]: 3.550145e+10 
(HZLimRunaway) Runaway Greenhouse HZ Limit [m]: 4.694259e+10 
(HZLimMoistGreenhouse) Moist Greenhouse HZ Limit [m]: 4.697420e+10 
(HZLimMaxGreenhouse) Maximum Greenhouse HZ Limit [m]: 8.828058e+10 
(HZLimEarlyMars) Early Mars HZ Limit [m]: 9.628223e+10 
(Instellation) Orbit-averaged INcident STELLar radiATION [kg*m^2/sec^2/(m^2*sec)]: 6597.097984 
(KEcc) Poincare's k (=e*cos(varpi) []: -0.098170 
(Eccentricity) Orbital Eccentricity []: 0.098172 
(OrbEnergy) Body's Total Orbital Energy [kg*m^2/sec^2]: -6.696971e+33 
(MeanMotion) Orbital Mean Motion [/sec]: 2.547769e-06 
(OrbPeriod) Orbital Period [sec]: 2.466152e+06 
(SemiMajorAxis) Semi-major Axis [m]: 2.004611e+10 
(COPP) Climate Obliquity Precession Parameter []: -0.000749 
(OrbAngMom) Orbital Angular Momentum [kg*m^2/sec]: 5.231731e+39 
(ArgP) Body's argument of pericenter [rad]: 1.323014 
(Inc) Body's Inclination [rad]: 0.012630 
(LongA) Body's Longitude of ascending node [rad]: 1.826209 
(MeanLongitude) Orbital Mean Longitude [rad]: 7.817985 
(LongP) Body's Longitude of pericenter [rad]: 3.149223 
(TotOrbEnergy) System's Total Orbital Energy [kg*m^2/sec^2]: -1.015392e+35 
(OrbPotEnergy) Body's Orbital Potential Energy [kg*m^2/sec^2]: -1.339394e+34 
----- DISTORB PARAMETERS (700e)------
(Sinc) Body's sin(Inc/2) in DistOrb []: 0.006315 
(Pinc) Body's Poincare p in DistOrb []: 0.006110 
(Qinc) Body's Poincare q in DistOrb []: -0.001595 
(DIncDtDistOrb) Body's inclination derivative in DistOrb [rad/sec]: 3.260560e-12 
(DSincDtDistOrb) Body's sin(Inc/2) derivative in DistOrb [/sec]: 1.630247e-12 
(DLongADtDistOrb) Body's longitude of ascending node derivative in DistOrb [rad/sec]: 8.480871e-11 
(DLongPDtDistOrb) Body's longitude of pericenter derivative in DistOrb [rad/sec]: 2.642352e-10 
(DHeccDtDistOrb) Body's Poincare h derivative in DistOrb [/sec]: -2.599692e-11 
(DKeccDtDistOrb) Body's Poincare k in DistOrb [/sec]: -7.280198e-12 
(DPincDtDistOrb) Body's Poincare p in DistOrb [/sec]: 1.442052e-12 
(DQincDtDistOrb) Body's Poincare q in DistOrb [/sec]: -9.300672e-13 
-----DISTROT PARAMETERS (700e)------
(CassiniOne) First Cassini parameter (misalignment of Cassini state vectors) []: 0.068653 
(CassiniTwo) Second Cassini parameter (alignment of Cassini state vectors []: -0.997641 
(DOblDtDistRot) Body's dobl/dt in DistRot [rad]: -2.145808e-12 
(DPrecADtDistRot) Body's dpA/dt in DistRot [rad/sec]: 3.521855e-12 
(DXoblDtDistRot) Body's dXobl/dt in DistRot [/sec]: -3.749872e-13 
(DYoblDtDistRot) Body's dYobl/dt in DistRot [/sec]: 3.501786e-12 
(DZoblDtDistRot) Body's dZobl/dt in DistRot [/sec]: 2.145780e-12 
(OblTimeDistRot) Obliquity timescale in DistRot [rad]: 1.464060e+12 
(PrecATimeDistRot) Axial precession timescale in DistRot [sec]: 1.784056e+12 
(XoblTimeDistRot) Xobl timescale in DistRot [/sec]: 2.666758e+12 
(YoblTimeDistRot) Yobl timescale in DistRot [/sec]: 2.855686e+11 
(ZoblTimeDistRot) Zobl timescale in DistRot [/sec]: 4.660311e+11 
(DynEllip) dynamical ellipticity of planet []: 0.003280 
(PrecFNat) natural precession freq of planet [rad/sec]: 3.546413e-12 
-----POISE PARAMETERS (700e)------
(TGlobal) Global mean temperature from POISE [Celsius]: 460.676923 
(AlbedoGlobal) Global mean bond albedo from POISE []: 0.316722 
(FluxInGlobal) Global mean flux in (insol*(1-albedo)) from POISE [kg*m^2/sec^2/(m^2*sec)]: 1166.944238 
(FluxOutGlobal) Global mean flux out from POISE [W/m^2]: 1166.114768 
(TotIceMass) Global total ice mass in ice sheets [kg]: 0.000000 
(TotIceFlow) Global total ice flow in ice sheets (should = 0) [kg]: 0.000000 
(TotIceBalance) Global total ice balance in ice sheets (this time step) [kg]: 0.000000 
(SkipSeas) Is Seasonal model skipped due to RGH or snowball? []: 0.000000 
(AreaIceCov) Fractional area ice covered []: 0.000000 
(Latitude) Latitude. [deg]: 83.380372 
(TempLat) Surface temperature by latitude. [Celsius]: 535.640539 
(AlbedoLat) Surface albedo by latitude. []: 0.317177 
(AnnInsol) Annual insolation by latitude. [W/m^2]: 2092.490355 
(FluxMerid) Total meridional (northward) flux by latitude [PW]: -2.469454 
(FluxIn) Incoming flux by latitude [W/m^2]: 1505.952760 
(FluxOut) Outgoing (spaceward) flux by latitude [W/m^2]: 1322.788727 
(DivFlux) Divergence of flux (flow into adjacent cells) by latitude [W/m^2]: 183.329873 
(IceMass) Mass of ice sheets/area by latitude []: 0.000000 
(IceHeight) Height of ice sheets [m]: 0.000000 
(DIceMassDt) derivative of mass of ice sheets/area by latitude [m]: 0.000000 
(IceFlow) flow of ice sheets/area by latitude [m/s]: 0.000000 
(EnergyResL) Energy residual on land [kg*m^2/sec^2/(m^2*sec)]: 3.888090e-11 
(EnergyResW) Energy residual over water [kg*m^2/sec^2/(m^2*sec)]: 5.707079e-11 
(BedrockH) height/depth of bedrock [m]: 0.000000 
(TempLandLat) Land surface temperature by latitude. [sec]: 785.569559 
(TempWaterLat) Water surface temperature by latitude. [sec]: 820.525590 
(AlbedoLandLat) Land surface albedo by latitude. []: 0.383177 
(AlbedoWaterLat) Water surface albedo by latitude. []: 0.283177 
(TempMinLat) Minimum surface temperature over a year by latitude. [Celsius]: 513.081555 
(TempMaxLat) Maximum surface temperature over a year by latitude. [Celsius]: 557.755968 
(Snowball) Is the planet in a snowball state? []: 0.000000 
(PlanckBAvg) Annually averaged Planck B coeff []: 2.090000 
(IceAccum) Ice growth per orbit (accumulation only) []: 0.000000 
(IceAblate) ice decay per orbit (ablation only) []: 0.000000 
(TempMaxLand) Maximum surface temperature on land [sec]: 844.025708 
(TempMaxWater) Maximum surface temperature on water [sec]: 823.920041 
(PeakInsol) Peak insolation by latitude. [kg*m^2/sec^2/(m^2*sec)]: 6782.234006 
(IceCapNorthLand) Does the planet have a northern polar ice cap on land? []: 0.000000 
(IceCapNorthSea) Does the planet have a northern polar sea ice cap []: 0.000000 
(IceCapSouthLand) Does the planet have a southern polar ice cap on land? []: 0.000000 
(IceCapSouthSea) Does the planet have a southern polar sea ice cap? []: 0.000000 
(IceBeltLand) Does the planet have a land ice belt? []: 0.000000 
(IceBeltSea) Does the planet have a sea ice belt? []: 0.000000 
(SnowballLand) Is all land covered in ice? []: 0.000000 
(SnowballSea) Is all sea covered in ice? []: 0.000000 
(IceFree) Is the planet free of sea and land ice? []: 1.000000 
(IceCapNorthLatLand) Southernmost extent of northern land ice cap. [rad]: 100.000000 
(IceCapNorthLatSea) Southernmost extent of northern sea ice cap. [rad]: 100.000000 
(IceCapSouthLatLand) Northernmost extent of southern land ice cap. [rad]: 100.000000 
(IceCapSouthLatSea) Northernmost extent of southern sea ice cap. [rad]: 100.000000 
(IceBeltNorthLatLand) Northernmost extent of land ice belt. [rad]: 100.000000 
(IceBeltNorthLatSea) Northernmost extent of sea ice belt. [rad]: 100.000000 
(IceBeltSouthLatLand) Southernmost extent of land ice belt. [rad]: 100.000000 
(IceBeltSouthLatSea) Southernmost extent of sea ice belt. [rad]: 100.000000 
Output Order: Time[year] PrecA[deg] TGlobal[Celsius] AlbedoGlobal[] FluxOutGlobal[W/m^2] TotIceMass[kg] TotIceFlow[kg] TotIceBalance[kg] DeltaTime[year] AreaIceCov[year] Snowball[] Obliquity[deg] IceBeltLand[] IceBeltSea[] Eccentricity[] SnowballLand[] SnowballSea[]
Grid Output Order: Time[year] Latitude[deg] TempLat[Celsius] AlbedoLat[] AnnInsol[W/m^2] FluxIn[W/m^2] FluxOut[W/m^2] IceMass[W/m^2] IceHeight[m] DIceMassDt[au] IceFlow[m/s] BedrockH[m] TempMaxLat[Celsius] TempMinLat[Celsius] FluxMerid[PW] DivFlux[W/m^2]
